CRITICAL - 2021-03-06 09:26:47 --> Class 'App\Models\UserModel' not found
#0 C:\Users\fredo\Documents\PROJET\frameworkCI\adminCodeigniter\system\CodeIgniter.php(936): App\Controllers\Register->save()
#1 C:\Users\fredo\Documents\PROJET\frameworkCI\adminCodeigniter\system\CodeIgniter.php(432): CodeIgniter\CodeIgniter->runController(Object(App\Controllers\Register))
#2 C:\Users\fredo\Documents\PROJET\frameworkCI\adminCodeigniter\system\CodeIgniter.php(333): CodeIgniter\CodeIgniter->handleRequest(NULL, Object(Config\Cache), false)
#3 C:\Users\fredo\Documents\PROJET\frameworkCI\adminCodeigniter\public\index.php(44): CodeIgniter\CodeIgniter->run()
#4 {main}
CRITICAL - 2021-03-06 09:27:11 --> Class 'App\Models\UserModel' not found
#0 C:\Users\fredo\Documents\PROJET\frameworkCI\adminCodeigniter\system\CodeIgniter.php(936): App\Controllers\Login->connect()
#1 C:\Users\fredo\Documents\PROJET\frameworkCI\adminCodeigniter\system\CodeIgniter.php(432): CodeIgniter\CodeIgniter->runController(Object(App\Controllers\Login))
#2 C:\Users\fredo\Documents\PROJET\frameworkCI\adminCodeigniter\system\CodeIgniter.php(333): CodeIgniter\CodeIgniter->handleRequest(NULL, Object(Config\Cache), false)
#3 C:\Users\fredo\Documents\PROJET\frameworkCI\adminCodeigniter\public\index.php(44): CodeIgniter\CodeIgniter->run()
#4 {main}
CRITICAL - 2021-03-06 09:59:47 --> Undefined variable: artiste
#0 C:\Users\fredo\Documents\PROJET\frameworkCI\adminCodeigniter\app\Views\Admin\Role\Edit.php(44): CodeIgniter\Debug\Exceptions->errorHandler(8, 'Undefined varia...', 'C:\\Users\\fredo\\...', 44, Array)
#1 C:\Users\fredo\Documents\PROJET\frameworkCI\adminCodeigniter\system\View\View.php(220): include('C:\\Users\\fredo\\...')
#2 C:\Users\fredo\Documents\PROJET\frameworkCI\adminCodeigniter\system\View\View.php(222): CodeIgniter\View\View->CodeIgniter\View\{closure}()
#3 C:\Users\fredo\Documents\PROJET\frameworkCI\adminCodeigniter\system\Common.php(1217): CodeIgniter\View\View->render('Admin/Role/Edit', Array, true)
#4 C:\Users\fredo\Documents\PROJET\frameworkCI\adminCodeigniter\app\Controllers\Admin\Role.php(87): view('Admin/Role/Edit', Array)
#5 C:\Users\fredo\Documents\PROJET\frameworkCI\adminCodeigniter\system\CodeIgniter.php(936): App\Controllers\Admin\Role->edit('39', '35')
#6 C:\Users\fredo\Documents\PROJET\frameworkCI\adminCodeigniter\system\CodeIgniter.php(432): CodeIgniter\CodeIgniter->runController(Object(App\Controllers\Admin\Role))
#7 C:\Users\fredo\Documents\PROJET\frameworkCI\adminCodeigniter\system\CodeIgniter.php(333): CodeIgniter\CodeIgniter->handleRequest(NULL, Object(Config\Cache), false)
#8 C:\Users\fredo\Documents\PROJET\frameworkCI\adminCodeigniter\public\index.php(44): CodeIgniter\CodeIgniter->run()
#9 {main}
