CRITICAL - 2021-03-08 06:12:27 --> Undefined variable: artiste
#0 C:\Users\fredo\Documents\PROJET\frameworkCI\adminCodeigniter\app\Views\Admin\Role\Edit.php(44): CodeIgniter\Debug\Exceptions->errorHandler(8, 'Undefined varia...', 'C:\\Users\\fredo\\...', 44, Array)
#1 C:\Users\fredo\Documents\PROJET\frameworkCI\adminCodeigniter\system\View\View.php(220): include('C:\\Users\\fredo\\...')
#2 C:\Users\fredo\Documents\PROJET\frameworkCI\adminCodeigniter\system\View\View.php(222): CodeIgniter\View\View->CodeIgniter\View\{closure}()
#3 C:\Users\fredo\Documents\PROJET\frameworkCI\adminCodeigniter\system\Common.php(1217): CodeIgniter\View\View->render('Admin/Role/Edit', Array, true)
#4 C:\Users\fredo\Documents\PROJET\frameworkCI\adminCodeigniter\app\Controllers\Admin\Role.php(87): view('Admin/Role/Edit', Array)
#5 C:\Users\fredo\Documents\PROJET\frameworkCI\adminCodeigniter\system\CodeIgniter.php(936): App\Controllers\Admin\Role->edit('39', '35')
#6 C:\Users\fredo\Documents\PROJET\frameworkCI\adminCodeigniter\system\CodeIgniter.php(432): CodeIgniter\CodeIgniter->runController(Object(App\Controllers\Admin\Role))
#7 C:\Users\fredo\Documents\PROJET\frameworkCI\adminCodeigniter\system\CodeIgniter.php(333): CodeIgniter\CodeIgniter->handleRequest(NULL, Object(Config\Cache), false)
#8 C:\Users\fredo\Documents\PROJET\frameworkCI\adminCodeigniter\public\index.php(44): CodeIgniter\CodeIgniter->run()
#9 {main}
CRITICAL - 2021-03-08 06:52:58 --> Undefined variable: id
#0 C:\Users\fredo\Documents\PROJET\frameworkCI\adminCodeigniter\app\Controllers\Admin\Role.php(76): CodeIgniter\Debug\Exceptions->errorHandler(8, 'Undefined varia...', 'C:\\Users\\fredo\\...', 76, Array)
#1 C:\Users\fredo\Documents\PROJET\frameworkCI\adminCodeigniter\system\CodeIgniter.php(936): App\Controllers\Admin\Role->edit('39', '35')
#2 C:\Users\fredo\Documents\PROJET\frameworkCI\adminCodeigniter\system\CodeIgniter.php(432): CodeIgniter\CodeIgniter->runController(Object(App\Controllers\Admin\Role))
#3 C:\Users\fredo\Documents\PROJET\frameworkCI\adminCodeigniter\system\CodeIgniter.php(333): CodeIgniter\CodeIgniter->handleRequest(NULL, Object(Config\Cache), false)
#4 C:\Users\fredo\Documents\PROJET\frameworkCI\adminCodeigniter\public\index.php(44): CodeIgniter\CodeIgniter->run()
#5 {main}
CRITICAL - 2021-03-08 06:53:11 --> Undefined variable: filmMode
#0 C:\Users\fredo\Documents\PROJET\frameworkCI\adminCodeigniter\app\Controllers\Admin\Role.php(79): CodeIgniter\Debug\Exceptions->errorHandler(8, 'Undefined varia...', 'C:\\Users\\fredo\\...', 79, Array)
#1 C:\Users\fredo\Documents\PROJET\frameworkCI\adminCodeigniter\system\CodeIgniter.php(936): App\Controllers\Admin\Role->edit('39', '35')
#2 C:\Users\fredo\Documents\PROJET\frameworkCI\adminCodeigniter\system\CodeIgniter.php(432): CodeIgniter\CodeIgniter->runController(Object(App\Controllers\Admin\Role))
#3 C:\Users\fredo\Documents\PROJET\frameworkCI\adminCodeigniter\system\CodeIgniter.php(333): CodeIgniter\CodeIgniter->handleRequest(NULL, Object(Config\Cache), false)
#4 C:\Users\fredo\Documents\PROJET\frameworkCI\adminCodeigniter\public\index.php(44): CodeIgniter\CodeIgniter->run()
#5 {main}
CRITICAL - 2021-03-08 07:16:13 --> Call to undefined function findAll()
#0 C:\Users\fredo\Documents\PROJET\frameworkCI\adminCodeigniter\system\View\View.php(220): include()
#1 C:\Users\fredo\Documents\PROJET\frameworkCI\adminCodeigniter\system\View\View.php(222): CodeIgniter\View\View->CodeIgniter\View\{closure}()
#2 C:\Users\fredo\Documents\PROJET\frameworkCI\adminCodeigniter\system\Common.php(1217): CodeIgniter\View\View->render('Admin/Role/Edit', Array, true)
#3 C:\Users\fredo\Documents\PROJET\frameworkCI\adminCodeigniter\app\Controllers\Admin\Role.php(91): view('Admin/Role/Edit', Array)
#4 C:\Users\fredo\Documents\PROJET\frameworkCI\adminCodeigniter\system\CodeIgniter.php(936): App\Controllers\Admin\Role->edit('39', '35')
#5 C:\Users\fredo\Documents\PROJET\frameworkCI\adminCodeigniter\system\CodeIgniter.php(432): CodeIgniter\CodeIgniter->runController(Object(App\Controllers\Admin\Role))
#6 C:\Users\fredo\Documents\PROJET\frameworkCI\adminCodeigniter\system\CodeIgniter.php(333): CodeIgniter\CodeIgniter->handleRequest(NULL, Object(Config\Cache), false)
#7 C:\Users\fredo\Documents\PROJET\frameworkCI\adminCodeigniter\public\index.php(44): CodeIgniter\CodeIgniter->run()
#8 {main}
CRITICAL - 2021-03-08 07:17:34 --> Call to undefined function findAll()
#0 C:\Users\fredo\Documents\PROJET\frameworkCI\adminCodeigniter\system\View\View.php(220): include()
#1 C:\Users\fredo\Documents\PROJET\frameworkCI\adminCodeigniter\system\View\View.php(222): CodeIgniter\View\View->CodeIgniter\View\{closure}()
#2 C:\Users\fredo\Documents\PROJET\frameworkCI\adminCodeigniter\system\Common.php(1217): CodeIgniter\View\View->render('Admin/Role/Edit', Array, true)
#3 C:\Users\fredo\Documents\PROJET\frameworkCI\adminCodeigniter\app\Controllers\Admin\Role.php(91): view('Admin/Role/Edit', Array)
#4 C:\Users\fredo\Documents\PROJET\frameworkCI\adminCodeigniter\system\CodeIgniter.php(936): App\Controllers\Admin\Role->edit('39', '35')
#5 C:\Users\fredo\Documents\PROJET\frameworkCI\adminCodeigniter\system\CodeIgniter.php(432): CodeIgniter\CodeIgniter->runController(Object(App\Controllers\Admin\Role))
#6 C:\Users\fredo\Documents\PROJET\frameworkCI\adminCodeigniter\system\CodeIgniter.php(333): CodeIgniter\CodeIgniter->handleRequest(NULL, Object(Config\Cache), false)
#7 C:\Users\fredo\Documents\PROJET\frameworkCI\adminCodeigniter\public\index.php(44): CodeIgniter\CodeIgniter->run()
#8 {main}
CRITICAL - 2021-03-08 07:32:38 --> Undefined variable: id
#0 C:\Users\fredo\Documents\PROJET\frameworkCI\adminCodeigniter\app\Controllers\Admin\Role.php(76): CodeIgniter\Debug\Exceptions->errorHandler(8, 'Undefined varia...', 'C:\\Users\\fredo\\...', 76, Array)
#1 C:\Users\fredo\Documents\PROJET\frameworkCI\adminCodeigniter\system\CodeIgniter.php(936): App\Controllers\Admin\Role->edit('39', '35')
#2 C:\Users\fredo\Documents\PROJET\frameworkCI\adminCodeigniter\system\CodeIgniter.php(432): CodeIgniter\CodeIgniter->runController(Object(App\Controllers\Admin\Role))
#3 C:\Users\fredo\Documents\PROJET\frameworkCI\adminCodeigniter\system\CodeIgniter.php(333): CodeIgniter\CodeIgniter->handleRequest(NULL, Object(Config\Cache), false)
#4 C:\Users\fredo\Documents\PROJET\frameworkCI\adminCodeigniter\public\index.php(44): CodeIgniter\CodeIgniter->run()
#5 {main}
ERROR - 2021-03-08 07:33:36 --> mysqli_sql_exception: Champ 'titre' inconnu dans order clause in C:\Users\fredo\Documents\PROJET\frameworkCI\adminCodeigniter\system\Database\MySQLi\Connection.php:314
Stack trace:
#0 C:\Users\fredo\Documents\PROJET\frameworkCI\adminCodeigniter\system\Database\MySQLi\Connection.php(314): mysqli->query('SELECT *\nFROM `...')
#1 C:\Users\fredo\Documents\PROJET\frameworkCI\adminCodeigniter\system\Database\BaseConnection.php(713): CodeIgniter\Database\MySQLi\Connection->execute('SELECT *\nFROM `...')
#2 C:\Users\fredo\Documents\PROJET\frameworkCI\adminCodeigniter\system\Database\BaseConnection.php(641): CodeIgniter\Database\BaseConnection->simpleQuery('SELECT *\nFROM `...')
#3 C:\Users\fredo\Documents\PROJET\frameworkCI\adminCodeigniter\system\Database\BaseBuilder.php(1866): CodeIgniter\Database\BaseConnection->query('SELECT *\nFROM `...', Array, false)
#4 C:\Users\fredo\Documents\PROJET\frameworkCI\adminCodeigniter\system\Model.php(213): CodeIgniter\Database\BaseBuilder->get()
#5 C:\Users\fredo\Documents\PROJET\frameworkCI\adminCodeigniter\system\BaseModel.php(583): CodeIgniter\Model->doFindAll(0, 0)
#6 C:\Users\fredo\Documents\PROJET\frameworkCI\adminCodeigniter\app\Controllers\Admin\Role.php(79): CodeIgniter\BaseModel->findAll()
#7 C:\Users\fredo\Documents\PROJET\frameworkCI\adminCodeigniter\system\CodeIgniter.php(936): App\Controllers\Admin\Role->edit('39', '35')
#8 C:\Users\fredo\Documents\PROJET\frameworkCI\adminCodeigniter\system\CodeIgniter.php(432): CodeIgniter\CodeIgniter->runController(Object(App\Controllers\Admin\Role))
#9 C:\Users\fredo\Documents\PROJET\frameworkCI\adminCodeigniter\system\CodeIgniter.php(333): CodeIgniter\CodeIgniter->handleRequest(NULL, Object(Config\Cache), false)
#10 C:\Users\fredo\Documents\PROJET\frameworkCI\adminCodeigniter\public\index.php(44): CodeIgniter\CodeIgniter->run()
#11 {main}
CRITICAL - 2021-03-08 07:33:36 --> Champ 'titre' inconnu dans order clause
#0 C:\Users\fredo\Documents\PROJET\frameworkCI\adminCodeigniter\system\Database\MySQLi\Connection.php(314): mysqli->query('SELECT *\nFROM `...')
#1 C:\Users\fredo\Documents\PROJET\frameworkCI\adminCodeigniter\system\Database\BaseConnection.php(713): CodeIgniter\Database\MySQLi\Connection->execute('SELECT *\nFROM `...')
#2 C:\Users\fredo\Documents\PROJET\frameworkCI\adminCodeigniter\system\Database\BaseConnection.php(641): CodeIgniter\Database\BaseConnection->simpleQuery('SELECT *\nFROM `...')
#3 C:\Users\fredo\Documents\PROJET\frameworkCI\adminCodeigniter\system\Database\BaseBuilder.php(1866): CodeIgniter\Database\BaseConnection->query('SELECT *\nFROM `...', Array, false)
#4 C:\Users\fredo\Documents\PROJET\frameworkCI\adminCodeigniter\system\Model.php(213): CodeIgniter\Database\BaseBuilder->get()
#5 C:\Users\fredo\Documents\PROJET\frameworkCI\adminCodeigniter\system\BaseModel.php(583): CodeIgniter\Model->doFindAll(0, 0)
#6 C:\Users\fredo\Documents\PROJET\frameworkCI\adminCodeigniter\app\Controllers\Admin\Role.php(79): CodeIgniter\BaseModel->findAll()
#7 C:\Users\fredo\Documents\PROJET\frameworkCI\adminCodeigniter\system\CodeIgniter.php(936): App\Controllers\Admin\Role->edit('39', '35')
#8 C:\Users\fredo\Documents\PROJET\frameworkCI\adminCodeigniter\system\CodeIgniter.php(432): CodeIgniter\CodeIgniter->runController(Object(App\Controllers\Admin\Role))
#9 C:\Users\fredo\Documents\PROJET\frameworkCI\adminCodeigniter\system\CodeIgniter.php(333): CodeIgniter\CodeIgniter->handleRequest(NULL, Object(Config\Cache), false)
#10 C:\Users\fredo\Documents\PROJET\frameworkCI\adminCodeigniter\public\index.php(44): CodeIgniter\CodeIgniter->run()
#11 {main}
CRITICAL - 2021-03-08 08:46:05 --> syntax error, unexpected end of file
#0 C:\Users\fredo\Documents\PROJET\frameworkCI\adminCodeigniter\system\View\View.php(222): CodeIgniter\View\View->CodeIgniter\View\{closure}()
#1 C:\Users\fredo\Documents\PROJET\frameworkCI\adminCodeigniter\system\Common.php(1217): CodeIgniter\View\View->render('Admin/Role/Edit', Array, true)
#2 C:\Users\fredo\Documents\PROJET\frameworkCI\adminCodeigniter\app\Controllers\Admin\Role.php(93): view('Admin/Role/Edit', Array)
#3 C:\Users\fredo\Documents\PROJET\frameworkCI\adminCodeigniter\system\CodeIgniter.php(936): App\Controllers\Admin\Role->edit('33', '88')
#4 C:\Users\fredo\Documents\PROJET\frameworkCI\adminCodeigniter\system\CodeIgniter.php(432): CodeIgniter\CodeIgniter->runController(Object(App\Controllers\Admin\Role))
#5 C:\Users\fredo\Documents\PROJET\frameworkCI\adminCodeigniter\system\CodeIgniter.php(333): CodeIgniter\CodeIgniter->handleRequest(NULL, Object(Config\Cache), false)
#6 C:\Users\fredo\Documents\PROJET\frameworkCI\adminCodeigniter\public\index.php(44): CodeIgniter\CodeIgniter->run()
#7 {main}
CRITICAL - 2021-03-08 08:48:51 --> Undefined variable: tableFilm
#0 C:\Users\fredo\Documents\PROJET\frameworkCI\adminCodeigniter\app\Views\Admin\Role\Edit.php(24): CodeIgniter\Debug\Exceptions->errorHandler(8, 'Undefined varia...', 'C:\\Users\\fredo\\...', 24, Array)
#1 C:\Users\fredo\Documents\PROJET\frameworkCI\adminCodeigniter\system\View\View.php(220): include('C:\\Users\\fredo\\...')
#2 C:\Users\fredo\Documents\PROJET\frameworkCI\adminCodeigniter\system\View\View.php(222): CodeIgniter\View\View->CodeIgniter\View\{closure}()
#3 C:\Users\fredo\Documents\PROJET\frameworkCI\adminCodeigniter\system\Common.php(1217): CodeIgniter\View\View->render('Admin/Role/Edit', Array, true)
#4 C:\Users\fredo\Documents\PROJET\frameworkCI\adminCodeigniter\app\Controllers\Admin\Role.php(93): view('Admin/Role/Edit', Array)
#5 C:\Users\fredo\Documents\PROJET\frameworkCI\adminCodeigniter\system\CodeIgniter.php(936): App\Controllers\Admin\Role->edit('33', '88')
#6 C:\Users\fredo\Documents\PROJET\frameworkCI\adminCodeigniter\system\CodeIgniter.php(432): CodeIgniter\CodeIgniter->runController(Object(App\Controllers\Admin\Role))
#7 C:\Users\fredo\Documents\PROJET\frameworkCI\adminCodeigniter\system\CodeIgniter.php(333): CodeIgniter\CodeIgniter->handleRequest(NULL, Object(Config\Cache), false)
#8 C:\Users\fredo\Documents\PROJET\frameworkCI\adminCodeigniter\public\index.php(44): CodeIgniter\CodeIgniter->run()
#9 {main}
CRITICAL - 2021-03-08 08:50:00 --> Call to a member function where() on array
#0 C:\Users\fredo\Documents\PROJET\frameworkCI\adminCodeigniter\system\View\View.php(220): include()
#1 C:\Users\fredo\Documents\PROJET\frameworkCI\adminCodeigniter\system\View\View.php(222): CodeIgniter\View\View->CodeIgniter\View\{closure}()
#2 C:\Users\fredo\Documents\PROJET\frameworkCI\adminCodeigniter\system\Common.php(1217): CodeIgniter\View\View->render('Admin/Role/Edit', Array, true)
#3 C:\Users\fredo\Documents\PROJET\frameworkCI\adminCodeigniter\app\Controllers\Admin\Role.php(93): view('Admin/Role/Edit', Array)
#4 C:\Users\fredo\Documents\PROJET\frameworkCI\adminCodeigniter\system\CodeIgniter.php(936): App\Controllers\Admin\Role->edit('33', '88')
#5 C:\Users\fredo\Documents\PROJET\frameworkCI\adminCodeigniter\system\CodeIgniter.php(432): CodeIgniter\CodeIgniter->runController(Object(App\Controllers\Admin\Role))
#6 C:\Users\fredo\Documents\PROJET\frameworkCI\adminCodeigniter\system\CodeIgniter.php(333): CodeIgniter\CodeIgniter->handleRequest(NULL, Object(Config\Cache), false)
#7 C:\Users\fredo\Documents\PROJET\frameworkCI\adminCodeigniter\public\index.php(44): CodeIgniter\CodeIgniter->run()
#8 {main}
CRITICAL - 2021-03-08 08:51:06 --> Illegal string offset 'nom_role'
#0 C:\Users\fredo\Documents\PROJET\frameworkCI\adminCodeigniter\app\Views\Admin\Role\Edit.php(40): CodeIgniter\Debug\Exceptions->errorHandler(2, 'Illegal string ...', 'C:\\Users\\fredo\\...', 40, Array)
#1 C:\Users\fredo\Documents\PROJET\frameworkCI\adminCodeigniter\system\View\View.php(220): include('C:\\Users\\fredo\\...')
#2 C:\Users\fredo\Documents\PROJET\frameworkCI\adminCodeigniter\system\View\View.php(222): CodeIgniter\View\View->CodeIgniter\View\{closure}()
#3 C:\Users\fredo\Documents\PROJET\frameworkCI\adminCodeigniter\system\Common.php(1217): CodeIgniter\View\View->render('Admin/Role/Edit', Array, true)
#4 C:\Users\fredo\Documents\PROJET\frameworkCI\adminCodeigniter\app\Controllers\Admin\Role.php(93): view('Admin/Role/Edit', Array)
#5 C:\Users\fredo\Documents\PROJET\frameworkCI\adminCodeigniter\system\CodeIgniter.php(936): App\Controllers\Admin\Role->edit('33', '88')
#6 C:\Users\fredo\Documents\PROJET\frameworkCI\adminCodeigniter\system\CodeIgniter.php(432): CodeIgniter\CodeIgniter->runController(Object(App\Controllers\Admin\Role))
#7 C:\Users\fredo\Documents\PROJET\frameworkCI\adminCodeigniter\system\CodeIgniter.php(333): CodeIgniter\CodeIgniter->handleRequest(NULL, Object(Config\Cache), false)
#8 C:\Users\fredo\Documents\PROJET\frameworkCI\adminCodeigniter\public\index.php(44): CodeIgniter\CodeIgniter->run()
#9 {main}
CRITICAL - 2021-03-08 09:12:23 --> Undefined variable: listeRole
#0 C:\Users\fredo\Documents\PROJET\frameworkCI\adminCodeigniter\app\Views\Admin\Role\Edit.php(33): CodeIgniter\Debug\Exceptions->errorHandler(8, 'Undefined varia...', 'C:\\Users\\fredo\\...', 33, Array)
#1 C:\Users\fredo\Documents\PROJET\frameworkCI\adminCodeigniter\system\View\View.php(220): include('C:\\Users\\fredo\\...')
#2 C:\Users\fredo\Documents\PROJET\frameworkCI\adminCodeigniter\system\View\View.php(222): CodeIgniter\View\View->CodeIgniter\View\{closure}()
#3 C:\Users\fredo\Documents\PROJET\frameworkCI\adminCodeigniter\system\Common.php(1217): CodeIgniter\View\View->render('Admin/Role/Edit', Array, true)
#4 C:\Users\fredo\Documents\PROJET\frameworkCI\adminCodeigniter\app\Controllers\Admin\Role.php(93): view('Admin/Role/Edit', Array)
#5 C:\Users\fredo\Documents\PROJET\frameworkCI\adminCodeigniter\system\CodeIgniter.php(936): App\Controllers\Admin\Role->edit('30', '82')
#6 C:\Users\fredo\Documents\PROJET\frameworkCI\adminCodeigniter\system\CodeIgniter.php(432): CodeIgniter\CodeIgniter->runController(Object(App\Controllers\Admin\Role))
#7 C:\Users\fredo\Documents\PROJET\frameworkCI\adminCodeigniter\system\CodeIgniter.php(333): CodeIgniter\CodeIgniter->handleRequest(NULL, Object(Config\Cache), false)
#8 C:\Users\fredo\Documents\PROJET\frameworkCI\adminCodeigniter\public\index.php(44): CodeIgniter\CodeIgniter->run()
#9 {main}
CRITICAL - 2021-03-08 09:12:54 --> Undefined variable: tableRole
#0 C:\Users\fredo\Documents\PROJET\frameworkCI\adminCodeigniter\app\Views\Admin\Role\Edit.php(33): CodeIgniter\Debug\Exceptions->errorHandler(8, 'Undefined varia...', 'C:\\Users\\fredo\\...', 33, Array)
#1 C:\Users\fredo\Documents\PROJET\frameworkCI\adminCodeigniter\system\View\View.php(220): include('C:\\Users\\fredo\\...')
#2 C:\Users\fredo\Documents\PROJET\frameworkCI\adminCodeigniter\system\View\View.php(222): CodeIgniter\View\View->CodeIgniter\View\{closure}()
#3 C:\Users\fredo\Documents\PROJET\frameworkCI\adminCodeigniter\system\Common.php(1217): CodeIgniter\View\View->render('Admin/Role/Edit', Array, true)
#4 C:\Users\fredo\Documents\PROJET\frameworkCI\adminCodeigniter\app\Controllers\Admin\Role.php(93): view('Admin/Role/Edit', Array)
#5 C:\Users\fredo\Documents\PROJET\frameworkCI\adminCodeigniter\system\CodeIgniter.php(936): App\Controllers\Admin\Role->edit('30', '82')
#6 C:\Users\fredo\Documents\PROJET\frameworkCI\adminCodeigniter\system\CodeIgniter.php(432): CodeIgniter\CodeIgniter->runController(Object(App\Controllers\Admin\Role))
#7 C:\Users\fredo\Documents\PROJET\frameworkCI\adminCodeigniter\system\CodeIgniter.php(333): CodeIgniter\CodeIgniter->handleRequest(NULL, Object(Config\Cache), false)
#8 C:\Users\fredo\Documents\PROJET\frameworkCI\adminCodeigniter\public\index.php(44): CodeIgniter\CodeIgniter->run()
#9 {main}
CRITICAL - 2021-03-08 10:11:50 --> Undefined variable: role
#0 C:\Users\fredo\Documents\PROJET\frameworkCI\adminCodeigniter\app\Views\Admin\Role\Edit.php(18): CodeIgniter\Debug\Exceptions->errorHandler(8, 'Undefined varia...', 'C:\\Users\\fredo\\...', 18, Array)
#1 C:\Users\fredo\Documents\PROJET\frameworkCI\adminCodeigniter\system\View\View.php(220): include('C:\\Users\\fredo\\...')
#2 C:\Users\fredo\Documents\PROJET\frameworkCI\adminCodeigniter\system\View\View.php(222): CodeIgniter\View\View->CodeIgniter\View\{closure}()
#3 C:\Users\fredo\Documents\PROJET\frameworkCI\adminCodeigniter\system\Common.php(1217): CodeIgniter\View\View->render('Admin/Role/Edit', Array, true)
#4 C:\Users\fredo\Documents\PROJET\frameworkCI\adminCodeigniter\app\Controllers\Admin\Role.php(98): view('Admin/Role/Edit', Array)
#5 C:\Users\fredo\Documents\PROJET\frameworkCI\adminCodeigniter\system\CodeIgniter.php(936): App\Controllers\Admin\Role->edit('27', '73')
#6 C:\Users\fredo\Documents\PROJET\frameworkCI\adminCodeigniter\system\CodeIgniter.php(432): CodeIgniter\CodeIgniter->runController(Object(App\Controllers\Admin\Role))
#7 C:\Users\fredo\Documents\PROJET\frameworkCI\adminCodeigniter\system\CodeIgniter.php(333): CodeIgniter\CodeIgniter->handleRequest(NULL, Object(Config\Cache), false)
#8 C:\Users\fredo\Documents\PROJET\frameworkCI\adminCodeigniter\public\index.php(44): CodeIgniter\CodeIgniter->run()
#9 {main}
CRITICAL - 2021-03-08 10:18:47 --> Undefined variable: data_save
#0 C:\Users\fredo\Documents\PROJET\frameworkCI\adminCodeigniter\app\Controllers\Admin\Role.php(57): CodeIgniter\Debug\Exceptions->errorHandler(8, 'Undefined varia...', 'C:\\Users\\fredo\\...', 57, Array)
#1 C:\Users\fredo\Documents\PROJET\frameworkCI\adminCodeigniter\system\CodeIgniter.php(936): App\Controllers\Admin\Role->edit('27', '73')
#2 C:\Users\fredo\Documents\PROJET\frameworkCI\adminCodeigniter\system\CodeIgniter.php(432): CodeIgniter\CodeIgniter->runController(Object(App\Controllers\Admin\Role))
#3 C:\Users\fredo\Documents\PROJET\frameworkCI\adminCodeigniter\system\CodeIgniter.php(333): CodeIgniter\CodeIgniter->handleRequest(NULL, Object(Config\Cache), false)
#4 C:\Users\fredo\Documents\PROJET\frameworkCI\adminCodeigniter\public\index.php(44): CodeIgniter\CodeIgniter->run()
#5 {main}
CRITICAL - 2021-03-08 10:27:31 --> syntax error, unexpected '?>', expecting function (T_FUNCTION) or const (T_CONST)
#0 C:\Users\fredo\Documents\PROJET\frameworkCI\adminCodeigniter\system\Router\Router.php(170): CodeIgniter\Router\Router->autoRoute('admin/role/edit...')
#1 C:\Users\fredo\Documents\PROJET\frameworkCI\adminCodeigniter\system\CodeIgniter.php(816): CodeIgniter\Router\Router->handle('admin/role/edit...')
#2 C:\Users\fredo\Documents\PROJET\frameworkCI\adminCodeigniter\system\CodeIgniter.php(385): CodeIgniter\CodeIgniter->tryToRouteIt(Object(CodeIgniter\Router\RouteCollection))
#3 C:\Users\fredo\Documents\PROJET\frameworkCI\adminCodeigniter\system\CodeIgniter.php(333): CodeIgniter\CodeIgniter->handleRequest(NULL, Object(Config\Cache), false)
#4 C:\Users\fredo\Documents\PROJET\frameworkCI\adminCodeigniter\public\index.php(44): CodeIgniter\CodeIgniter->run()
#5 {main}
CRITICAL - 2021-03-08 10:28:21 --> There is no data to update.
#0 C:\Users\fredo\Documents\PROJET\frameworkCI\adminCodeigniter\system\BaseModel.php(880): CodeIgniter\Database\Exceptions\DataException::forEmptyDataset('update')
#1 C:\Users\fredo\Documents\PROJET\frameworkCI\adminCodeigniter\system\Model.php(737): CodeIgniter\BaseModel->update(NULL, Array)
#2 C:\Users\fredo\Documents\PROJET\frameworkCI\adminCodeigniter\app\Controllers\Admin\Role.php(71): CodeIgniter\Model->update()
#3 C:\Users\fredo\Documents\PROJET\frameworkCI\adminCodeigniter\system\CodeIgniter.php(936): App\Controllers\Admin\Role->edit('27', '73')
#4 C:\Users\fredo\Documents\PROJET\frameworkCI\adminCodeigniter\system\CodeIgniter.php(432): CodeIgniter\CodeIgniter->runController(Object(App\Controllers\Admin\Role))
#5 C:\Users\fredo\Documents\PROJET\frameworkCI\adminCodeigniter\system\CodeIgniter.php(333): CodeIgniter\CodeIgniter->handleRequest(NULL, Object(Config\Cache), false)
#6 C:\Users\fredo\Documents\PROJET\frameworkCI\adminCodeigniter\public\index.php(44): CodeIgniter\CodeIgniter->run()
#7 {main}
CRITICAL - 2021-03-08 11:36:59 --> There is no data to update.
#0 C:\Users\fredo\Documents\PROJET\frameworkCI\adminCodeigniter\system\BaseModel.php(880): CodeIgniter\Database\Exceptions\DataException::forEmptyDataset('update')
#1 C:\Users\fredo\Documents\PROJET\frameworkCI\adminCodeigniter\system\Model.php(737): CodeIgniter\BaseModel->update(NULL, Array)
#2 C:\Users\fredo\Documents\PROJET\frameworkCI\adminCodeigniter\app\Controllers\Admin\Role.php(71): CodeIgniter\Model->update()
#3 C:\Users\fredo\Documents\PROJET\frameworkCI\adminCodeigniter\system\CodeIgniter.php(936): App\Controllers\Admin\Role->edit('27', '73')
#4 C:\Users\fredo\Documents\PROJET\frameworkCI\adminCodeigniter\system\CodeIgniter.php(432): CodeIgniter\CodeIgniter->runController(Object(App\Controllers\Admin\Role))
#5 C:\Users\fredo\Documents\PROJET\frameworkCI\adminCodeigniter\system\CodeIgniter.php(333): CodeIgniter\CodeIgniter->handleRequest(NULL, Object(Config\Cache), false)
#6 C:\Users\fredo\Documents\PROJET\frameworkCI\adminCodeigniter\public\index.php(44): CodeIgniter\CodeIgniter->run()
#7 {main}
CRITICAL - 2021-03-08 11:40:03 --> There is no data to update.
#0 C:\Users\fredo\Documents\PROJET\frameworkCI\adminCodeigniter\system\BaseModel.php(880): CodeIgniter\Database\Exceptions\DataException::forEmptyDataset('update')
#1 C:\Users\fredo\Documents\PROJET\frameworkCI\adminCodeigniter\system\Model.php(737): CodeIgniter\BaseModel->update(NULL, Array)
#2 C:\Users\fredo\Documents\PROJET\frameworkCI\adminCodeigniter\app\Controllers\Admin\Role.php(74): CodeIgniter\Model->update()
#3 C:\Users\fredo\Documents\PROJET\frameworkCI\adminCodeigniter\system\CodeIgniter.php(936): App\Controllers\Admin\Role->edit('27', '73')
#4 C:\Users\fredo\Documents\PROJET\frameworkCI\adminCodeigniter\system\CodeIgniter.php(432): CodeIgniter\CodeIgniter->runController(Object(App\Controllers\Admin\Role))
#5 C:\Users\fredo\Documents\PROJET\frameworkCI\adminCodeigniter\system\CodeIgniter.php(333): CodeIgniter\CodeIgniter->handleRequest(NULL, Object(Config\Cache), false)
#6 C:\Users\fredo\Documents\PROJET\frameworkCI\adminCodeigniter\public\index.php(44): CodeIgniter\CodeIgniter->run()
#7 {main}
CRITICAL - 2021-03-08 11:46:39 --> There is no data to update.
#0 C:\Users\fredo\Documents\PROJET\frameworkCI\adminCodeigniter\system\BaseModel.php(880): CodeIgniter\Database\Exceptions\DataException::forEmptyDataset('update')
#1 C:\Users\fredo\Documents\PROJET\frameworkCI\adminCodeigniter\system\Model.php(737): CodeIgniter\BaseModel->update(NULL, Array)
#2 C:\Users\fredo\Documents\PROJET\frameworkCI\adminCodeigniter\app\Controllers\Admin\Role.php(76): CodeIgniter\Model->update()
#3 C:\Users\fredo\Documents\PROJET\frameworkCI\adminCodeigniter\system\CodeIgniter.php(936): App\Controllers\Admin\Role->edit('27', '73')
#4 C:\Users\fredo\Documents\PROJET\frameworkCI\adminCodeigniter\system\CodeIgniter.php(432): CodeIgniter\CodeIgniter->runController(Object(App\Controllers\Admin\Role))
#5 C:\Users\fredo\Documents\PROJET\frameworkCI\adminCodeigniter\system\CodeIgniter.php(333): CodeIgniter\CodeIgniter->handleRequest(NULL, Object(Config\Cache), false)
#6 C:\Users\fredo\Documents\PROJET\frameworkCI\adminCodeigniter\public\index.php(44): CodeIgniter\CodeIgniter->run()
#7 {main}
CRITICAL - 2021-03-08 11:48:11 --> There is no data to update.
#0 C:\Users\fredo\Documents\PROJET\frameworkCI\adminCodeigniter\system\BaseModel.php(880): CodeIgniter\Database\Exceptions\DataException::forEmptyDataset('update')
#1 C:\Users\fredo\Documents\PROJET\frameworkCI\adminCodeigniter\system\Model.php(737): CodeIgniter\BaseModel->update(NULL, Array)
#2 C:\Users\fredo\Documents\PROJET\frameworkCI\adminCodeigniter\app\Controllers\Admin\Role.php(76): CodeIgniter\Model->update()
#3 C:\Users\fredo\Documents\PROJET\frameworkCI\adminCodeigniter\system\CodeIgniter.php(936): App\Controllers\Admin\Role->edit('27', '73')
#4 C:\Users\fredo\Documents\PROJET\frameworkCI\adminCodeigniter\system\CodeIgniter.php(432): CodeIgniter\CodeIgniter->runController(Object(App\Controllers\Admin\Role))
#5 C:\Users\fredo\Documents\PROJET\frameworkCI\adminCodeigniter\system\CodeIgniter.php(333): CodeIgniter\CodeIgniter->handleRequest(NULL, Object(Config\Cache), false)
#6 C:\Users\fredo\Documents\PROJET\frameworkCI\adminCodeigniter\public\index.php(44): CodeIgniter\CodeIgniter->run()
#7 {main}
CRITICAL - 2021-03-08 11:48:17 --> There is no data to update.
#0 C:\Users\fredo\Documents\PROJET\frameworkCI\adminCodeigniter\system\BaseModel.php(880): CodeIgniter\Database\Exceptions\DataException::forEmptyDataset('update')
#1 C:\Users\fredo\Documents\PROJET\frameworkCI\adminCodeigniter\system\Model.php(737): CodeIgniter\BaseModel->update(NULL, Array)
#2 C:\Users\fredo\Documents\PROJET\frameworkCI\adminCodeigniter\app\Controllers\Admin\Role.php(76): CodeIgniter\Model->update()
#3 C:\Users\fredo\Documents\PROJET\frameworkCI\adminCodeigniter\system\CodeIgniter.php(936): App\Controllers\Admin\Role->edit('27', '73')
#4 C:\Users\fredo\Documents\PROJET\frameworkCI\adminCodeigniter\system\CodeIgniter.php(432): CodeIgniter\CodeIgniter->runController(Object(App\Controllers\Admin\Role))
#5 C:\Users\fredo\Documents\PROJET\frameworkCI\adminCodeigniter\system\CodeIgniter.php(333): CodeIgniter\CodeIgniter->handleRequest(NULL, Object(Config\Cache), false)
#6 C:\Users\fredo\Documents\PROJET\frameworkCI\adminCodeigniter\public\index.php(44): CodeIgniter\CodeIgniter->run()
#7 {main}
CRITICAL - 2021-03-08 11:50:29 --> There is no data to update.
#0 C:\Users\fredo\Documents\PROJET\frameworkCI\adminCodeigniter\system\BaseModel.php(880): CodeIgniter\Database\Exceptions\DataException::forEmptyDataset('update')
#1 C:\Users\fredo\Documents\PROJET\frameworkCI\adminCodeigniter\system\Model.php(737): CodeIgniter\BaseModel->update(NULL, Array)
#2 C:\Users\fredo\Documents\PROJET\frameworkCI\adminCodeigniter\app\Controllers\Admin\Role.php(76): CodeIgniter\Model->update()
#3 C:\Users\fredo\Documents\PROJET\frameworkCI\adminCodeigniter\system\CodeIgniter.php(936): App\Controllers\Admin\Role->edit('27', '73')
#4 C:\Users\fredo\Documents\PROJET\frameworkCI\adminCodeigniter\system\CodeIgniter.php(432): CodeIgniter\CodeIgniter->runController(Object(App\Controllers\Admin\Role))
#5 C:\Users\fredo\Documents\PROJET\frameworkCI\adminCodeigniter\system\CodeIgniter.php(333): CodeIgniter\CodeIgniter->handleRequest(NULL, Object(Config\Cache), false)
#6 C:\Users\fredo\Documents\PROJET\frameworkCI\adminCodeigniter\public\index.php(44): CodeIgniter\CodeIgniter->run()
#7 {main}
CRITICAL - 2021-03-08 11:52:20 --> There is no data to update.
#0 C:\Users\fredo\Documents\PROJET\frameworkCI\adminCodeigniter\system\BaseModel.php(880): CodeIgniter\Database\Exceptions\DataException::forEmptyDataset('update')
#1 C:\Users\fredo\Documents\PROJET\frameworkCI\adminCodeigniter\system\Model.php(737): CodeIgniter\BaseModel->update(NULL, Array)
#2 C:\Users\fredo\Documents\PROJET\frameworkCI\adminCodeigniter\app\Controllers\Admin\Role.php(76): CodeIgniter\Model->update()
#3 C:\Users\fredo\Documents\PROJET\frameworkCI\adminCodeigniter\system\CodeIgniter.php(936): App\Controllers\Admin\Role->edit('27', '73')
#4 C:\Users\fredo\Documents\PROJET\frameworkCI\adminCodeigniter\system\CodeIgniter.php(432): CodeIgniter\CodeIgniter->runController(Object(App\Controllers\Admin\Role))
#5 C:\Users\fredo\Documents\PROJET\frameworkCI\adminCodeigniter\system\CodeIgniter.php(333): CodeIgniter\CodeIgniter->handleRequest(NULL, Object(Config\Cache), false)
#6 C:\Users\fredo\Documents\PROJET\frameworkCI\adminCodeigniter\public\index.php(44): CodeIgniter\CodeIgniter->run()
#7 {main}
CRITICAL - 2021-03-08 11:52:40 --> There is no data to update.
#0 C:\Users\fredo\Documents\PROJET\frameworkCI\adminCodeigniter\system\BaseModel.php(880): CodeIgniter\Database\Exceptions\DataException::forEmptyDataset('update')
#1 C:\Users\fredo\Documents\PROJET\frameworkCI\adminCodeigniter\system\Model.php(737): CodeIgniter\BaseModel->update(NULL, Array)
#2 C:\Users\fredo\Documents\PROJET\frameworkCI\adminCodeigniter\app\Controllers\Admin\Role.php(76): CodeIgniter\Model->update()
#3 C:\Users\fredo\Documents\PROJET\frameworkCI\adminCodeigniter\system\CodeIgniter.php(936): App\Controllers\Admin\Role->edit('39', '35')
#4 C:\Users\fredo\Documents\PROJET\frameworkCI\adminCodeigniter\system\CodeIgniter.php(432): CodeIgniter\CodeIgniter->runController(Object(App\Controllers\Admin\Role))
#5 C:\Users\fredo\Documents\PROJET\frameworkCI\adminCodeigniter\system\CodeIgniter.php(333): CodeIgniter\CodeIgniter->handleRequest(NULL, Object(Config\Cache), false)
#6 C:\Users\fredo\Documents\PROJET\frameworkCI\adminCodeigniter\public\index.php(44): CodeIgniter\CodeIgniter->run()
#7 {main}
CRITICAL - 2021-03-08 11:54:55 --> There is no data to update.
#0 C:\Users\fredo\Documents\PROJET\frameworkCI\adminCodeigniter\system\BaseModel.php(880): CodeIgniter\Database\Exceptions\DataException::forEmptyDataset('update')
#1 C:\Users\fredo\Documents\PROJET\frameworkCI\adminCodeigniter\system\Model.php(737): CodeIgniter\BaseModel->update(NULL, Array)
#2 C:\Users\fredo\Documents\PROJET\frameworkCI\adminCodeigniter\app\Controllers\Admin\Role.php(76): CodeIgniter\Model->update()
#3 C:\Users\fredo\Documents\PROJET\frameworkCI\adminCodeigniter\system\CodeIgniter.php(936): App\Controllers\Admin\Role->edit('39', '35')
#4 C:\Users\fredo\Documents\PROJET\frameworkCI\adminCodeigniter\system\CodeIgniter.php(432): CodeIgniter\CodeIgniter->runController(Object(App\Controllers\Admin\Role))
#5 C:\Users\fredo\Documents\PROJET\frameworkCI\adminCodeigniter\system\CodeIgniter.php(333): CodeIgniter\CodeIgniter->handleRequest(NULL, Object(Config\Cache), false)
#6 C:\Users\fredo\Documents\PROJET\frameworkCI\adminCodeigniter\public\index.php(44): CodeIgniter\CodeIgniter->run()
#7 {main}
CRITICAL - 2021-03-08 11:55:12 --> There is no data to update.
#0 C:\Users\fredo\Documents\PROJET\frameworkCI\adminCodeigniter\system\BaseModel.php(880): CodeIgniter\Database\Exceptions\DataException::forEmptyDataset('update')
#1 C:\Users\fredo\Documents\PROJET\frameworkCI\adminCodeigniter\system\Model.php(737): CodeIgniter\BaseModel->update(NULL, Array)
#2 C:\Users\fredo\Documents\PROJET\frameworkCI\adminCodeigniter\app\Controllers\Admin\Role.php(76): CodeIgniter\Model->update()
#3 C:\Users\fredo\Documents\PROJET\frameworkCI\adminCodeigniter\system\CodeIgniter.php(936): App\Controllers\Admin\Role->edit('39', '35')
#4 C:\Users\fredo\Documents\PROJET\frameworkCI\adminCodeigniter\system\CodeIgniter.php(432): CodeIgniter\CodeIgniter->runController(Object(App\Controllers\Admin\Role))
#5 C:\Users\fredo\Documents\PROJET\frameworkCI\adminCodeigniter\system\CodeIgniter.php(333): CodeIgniter\CodeIgniter->handleRequest(NULL, Object(Config\Cache), false)
#6 C:\Users\fredo\Documents\PROJET\frameworkCI\adminCodeigniter\public\index.php(44): CodeIgniter\CodeIgniter->run()
#7 {main}
CRITICAL - 2021-03-08 11:55:19 --> There is no data to update.
#0 C:\Users\fredo\Documents\PROJET\frameworkCI\adminCodeigniter\system\BaseModel.php(880): CodeIgniter\Database\Exceptions\DataException::forEmptyDataset('update')
#1 C:\Users\fredo\Documents\PROJET\frameworkCI\adminCodeigniter\system\Model.php(737): CodeIgniter\BaseModel->update(NULL, Array)
#2 C:\Users\fredo\Documents\PROJET\frameworkCI\adminCodeigniter\app\Controllers\Admin\Role.php(76): CodeIgniter\Model->update()
#3 C:\Users\fredo\Documents\PROJET\frameworkCI\adminCodeigniter\system\CodeIgniter.php(936): App\Controllers\Admin\Role->edit('39', '35')
#4 C:\Users\fredo\Documents\PROJET\frameworkCI\adminCodeigniter\system\CodeIgniter.php(432): CodeIgniter\CodeIgniter->runController(Object(App\Controllers\Admin\Role))
#5 C:\Users\fredo\Documents\PROJET\frameworkCI\adminCodeigniter\system\CodeIgniter.php(333): CodeIgniter\CodeIgniter->handleRequest(NULL, Object(Config\Cache), false)
#6 C:\Users\fredo\Documents\PROJET\frameworkCI\adminCodeigniter\public\index.php(44): CodeIgniter\CodeIgniter->run()
#7 {main}
CRITICAL - 2021-03-08 11:58:40 --> There is no data to update.
#0 C:\Users\fredo\Documents\PROJET\frameworkCI\adminCodeigniter\system\BaseModel.php(880): CodeIgniter\Database\Exceptions\DataException::forEmptyDataset('update')
#1 C:\Users\fredo\Documents\PROJET\frameworkCI\adminCodeigniter\system\Model.php(737): CodeIgniter\BaseModel->update(NULL, Array)
#2 C:\Users\fredo\Documents\PROJET\frameworkCI\adminCodeigniter\app\Controllers\Admin\Role.php(76): CodeIgniter\Model->update()
#3 C:\Users\fredo\Documents\PROJET\frameworkCI\adminCodeigniter\system\CodeIgniter.php(936): App\Controllers\Admin\Role->edit('39', '35')
#4 C:\Users\fredo\Documents\PROJET\frameworkCI\adminCodeigniter\system\CodeIgniter.php(432): CodeIgniter\CodeIgniter->runController(Object(App\Controllers\Admin\Role))
#5 C:\Users\fredo\Documents\PROJET\frameworkCI\adminCodeigniter\system\CodeIgniter.php(333): CodeIgniter\CodeIgniter->handleRequest(NULL, Object(Config\Cache), false)
#6 C:\Users\fredo\Documents\PROJET\frameworkCI\adminCodeigniter\public\index.php(44): CodeIgniter\CodeIgniter->run()
#7 {main}
CRITICAL - 2021-03-08 11:58:56 --> There is no data to update.
#0 C:\Users\fredo\Documents\PROJET\frameworkCI\adminCodeigniter\system\BaseModel.php(880): CodeIgniter\Database\Exceptions\DataException::forEmptyDataset('update')
#1 C:\Users\fredo\Documents\PROJET\frameworkCI\adminCodeigniter\system\Model.php(737): CodeIgniter\BaseModel->update(NULL, Array)
#2 C:\Users\fredo\Documents\PROJET\frameworkCI\adminCodeigniter\app\Controllers\Admin\Role.php(76): CodeIgniter\Model->update()
#3 C:\Users\fredo\Documents\PROJET\frameworkCI\adminCodeigniter\system\CodeIgniter.php(936): App\Controllers\Admin\Role->edit('32', '20')
#4 C:\Users\fredo\Documents\PROJET\frameworkCI\adminCodeigniter\system\CodeIgniter.php(432): CodeIgniter\CodeIgniter->runController(Object(App\Controllers\Admin\Role))
#5 C:\Users\fredo\Documents\PROJET\frameworkCI\adminCodeigniter\system\CodeIgniter.php(333): CodeIgniter\CodeIgniter->handleRequest(NULL, Object(Config\Cache), false)
#6 C:\Users\fredo\Documents\PROJET\frameworkCI\adminCodeigniter\public\index.php(44): CodeIgniter\CodeIgniter->run()
#7 {main}
CRITICAL - 2021-03-08 12:05:19 --> Undefined property: App\Controllers\Admin\Role::$deee
#0 C:\Users\fredo\Documents\PROJET\frameworkCI\adminCodeigniter\app\Controllers\Admin\Role.php(65): CodeIgniter\Debug\Exceptions->errorHandler(8, 'Undefined prope...', 'C:\\Users\\fredo\\...', 65, Array)
#1 C:\Users\fredo\Documents\PROJET\frameworkCI\adminCodeigniter\system\CodeIgniter.php(936): App\Controllers\Admin\Role->edit('32', '20')
#2 C:\Users\fredo\Documents\PROJET\frameworkCI\adminCodeigniter\system\CodeIgniter.php(432): CodeIgniter\CodeIgniter->runController(Object(App\Controllers\Admin\Role))
#3 C:\Users\fredo\Documents\PROJET\frameworkCI\adminCodeigniter\system\CodeIgniter.php(333): CodeIgniter\CodeIgniter->handleRequest(NULL, Object(Config\Cache), false)
#4 C:\Users\fredo\Documents\PROJET\frameworkCI\adminCodeigniter\public\index.php(44): CodeIgniter\CodeIgniter->run()
#5 {main}
CRITICAL - 2021-03-08 12:05:25 --> Undefined property: App\Controllers\Admin\Role::$deee
#0 C:\Users\fredo\Documents\PROJET\frameworkCI\adminCodeigniter\app\Controllers\Admin\Role.php(65): CodeIgniter\Debug\Exceptions->errorHandler(8, 'Undefined prope...', 'C:\\Users\\fredo\\...', 65, Array)
#1 C:\Users\fredo\Documents\PROJET\frameworkCI\adminCodeigniter\system\CodeIgniter.php(936): App\Controllers\Admin\Role->edit('32', '20')
#2 C:\Users\fredo\Documents\PROJET\frameworkCI\adminCodeigniter\system\CodeIgniter.php(432): CodeIgniter\CodeIgniter->runController(Object(App\Controllers\Admin\Role))
#3 C:\Users\fredo\Documents\PROJET\frameworkCI\adminCodeigniter\system\CodeIgniter.php(333): CodeIgniter\CodeIgniter->handleRequest(NULL, Object(Config\Cache), false)
#4 C:\Users\fredo\Documents\PROJET\frameworkCI\adminCodeigniter\public\index.php(44): CodeIgniter\CodeIgniter->run()
#5 {main}
CRITICAL - 2021-03-08 12:06:49 --> Undefined property: App\Controllers\Admin\Role::$deee
#0 C:\Users\fredo\Documents\PROJET\frameworkCI\adminCodeigniter\app\Controllers\Admin\Role.php(65): CodeIgniter\Debug\Exceptions->errorHandler(8, 'Undefined prope...', 'C:\\Users\\fredo\\...', 65, Array)
#1 C:\Users\fredo\Documents\PROJET\frameworkCI\adminCodeigniter\system\CodeIgniter.php(936): App\Controllers\Admin\Role->edit('32', '20')
#2 C:\Users\fredo\Documents\PROJET\frameworkCI\adminCodeigniter\system\CodeIgniter.php(432): CodeIgniter\CodeIgniter->runController(Object(App\Controllers\Admin\Role))
#3 C:\Users\fredo\Documents\PROJET\frameworkCI\adminCodeigniter\system\CodeIgniter.php(333): CodeIgniter\CodeIgniter->handleRequest(NULL, Object(Config\Cache), false)
#4 C:\Users\fredo\Documents\PROJET\frameworkCI\adminCodeigniter\public\index.php(44): CodeIgniter\CodeIgniter->run()
#5 {main}
CRITICAL - 2021-03-08 12:07:45 --> syntax error, unexpected '4' (T_LNUMBER), expecting identifier (T_STRING) or variable (T_VARIABLE) or '{' or '$'
#0 C:\Users\fredo\Documents\PROJET\frameworkCI\adminCodeigniter\system\Router\Router.php(170): CodeIgniter\Router\Router->autoRoute('admin/role/edit...')
#1 C:\Users\fredo\Documents\PROJET\frameworkCI\adminCodeigniter\system\CodeIgniter.php(816): CodeIgniter\Router\Router->handle('admin/role/edit...')
#2 C:\Users\fredo\Documents\PROJET\frameworkCI\adminCodeigniter\system\CodeIgniter.php(385): CodeIgniter\CodeIgniter->tryToRouteIt(Object(CodeIgniter\Router\RouteCollection))
#3 C:\Users\fredo\Documents\PROJET\frameworkCI\adminCodeigniter\system\CodeIgniter.php(333): CodeIgniter\CodeIgniter->handleRequest(NULL, Object(Config\Cache), false)
#4 C:\Users\fredo\Documents\PROJET\frameworkCI\adminCodeigniter\public\index.php(44): CodeIgniter\CodeIgniter->run()
#5 {main}
CRITICAL - 2021-03-08 12:09:09 --> There is no data to update.
#0 C:\Users\fredo\Documents\PROJET\frameworkCI\adminCodeigniter\system\BaseModel.php(880): CodeIgniter\Database\Exceptions\DataException::forEmptyDataset('update')
#1 C:\Users\fredo\Documents\PROJET\frameworkCI\adminCodeigniter\system\Model.php(737): CodeIgniter\BaseModel->update(NULL, Array)
#2 C:\Users\fredo\Documents\PROJET\frameworkCI\adminCodeigniter\app\Controllers\Admin\Role.php(76): CodeIgniter\Model->update()
#3 C:\Users\fredo\Documents\PROJET\frameworkCI\adminCodeigniter\system\CodeIgniter.php(936): App\Controllers\Admin\Role->edit('32', '20')
#4 C:\Users\fredo\Documents\PROJET\frameworkCI\adminCodeigniter\system\CodeIgniter.php(432): CodeIgniter\CodeIgniter->runController(Object(App\Controllers\Admin\Role))
#5 C:\Users\fredo\Documents\PROJET\frameworkCI\adminCodeigniter\system\CodeIgniter.php(333): CodeIgniter\CodeIgniter->handleRequest(NULL, Object(Config\Cache), false)
#6 C:\Users\fredo\Documents\PROJET\frameworkCI\adminCodeigniter\public\index.php(44): CodeIgniter\CodeIgniter->run()
#7 {main}
CRITICAL - 2021-03-08 12:10:10 --> There is no data to update.
#0 C:\Users\fredo\Documents\PROJET\frameworkCI\adminCodeigniter\system\BaseModel.php(880): CodeIgniter\Database\Exceptions\DataException::forEmptyDataset('update')
#1 C:\Users\fredo\Documents\PROJET\frameworkCI\adminCodeigniter\system\Model.php(737): CodeIgniter\BaseModel->update(NULL, Array)
#2 C:\Users\fredo\Documents\PROJET\frameworkCI\adminCodeigniter\app\Controllers\Admin\Role.php(76): CodeIgniter\Model->update()
#3 C:\Users\fredo\Documents\PROJET\frameworkCI\adminCodeigniter\system\CodeIgniter.php(936): App\Controllers\Admin\Role->edit('32', '20')
#4 C:\Users\fredo\Documents\PROJET\frameworkCI\adminCodeigniter\system\CodeIgniter.php(432): CodeIgniter\CodeIgniter->runController(Object(App\Controllers\Admin\Role))
#5 C:\Users\fredo\Documents\PROJET\frameworkCI\adminCodeigniter\system\CodeIgniter.php(333): CodeIgniter\CodeIgniter->handleRequest(NULL, Object(Config\Cache), false)
#6 C:\Users\fredo\Documents\PROJET\frameworkCI\adminCodeigniter\public\index.php(44): CodeIgniter\CodeIgniter->run()
#7 {main}
ERROR - 2021-03-08 12:15:30 --> mysqli_sql_exception: Duplicata du champ '60-137' pour la clef 'PRIMARY' in C:\Users\fredo\Documents\PROJET\frameworkCI\adminCodeigniter\system\Database\MySQLi\Connection.php:314
Stack trace:
#0 C:\Users\fredo\Documents\PROJET\frameworkCI\adminCodeigniter\system\Database\MySQLi\Connection.php(314): mysqli->query('INSERT INTO `ro...')
#1 C:\Users\fredo\Documents\PROJET\frameworkCI\adminCodeigniter\system\Database\BaseConnection.php(713): CodeIgniter\Database\MySQLi\Connection->execute('INSERT INTO `ro...')
#2 C:\Users\fredo\Documents\PROJET\frameworkCI\adminCodeigniter\system\Database\BaseConnection.php(641): CodeIgniter\Database\BaseConnection->simpleQuery('INSERT INTO `ro...')
#3 C:\Users\fredo\Documents\PROJET\frameworkCI\adminCodeigniter\system\Database\BaseBuilder.php(2263): CodeIgniter\Database\BaseConnection->query('INSERT INTO `ro...', Array, false)
#4 C:\Users\fredo\Documents\PROJET\frameworkCI\adminCodeigniter\system\Model.php(278): CodeIgniter\Database\BaseBuilder->insert()
#5 C:\Users\fredo\Documents\PROJET\frameworkCI\adminCodeigniter\system\BaseModel.php(758): CodeIgniter\Model->doInsert(Array)
#6 C:\Users\fredo\Documents\PROJET\frameworkCI\adminCodeigniter\system\Model.php(705): CodeIgniter\BaseModel->insert(Array, false)
#7 C:\Users\fredo\Documents\PROJET\frameworkCI\adminCodeigniter\system\BaseModel.php(667): CodeIgniter\Model->insert(Array, false)
#8 C:\Users\fredo\Documents\PROJET\frameworkCI\adminCodeigniter\app\Controllers\Admin\Role.php(79): CodeIgniter\BaseModel->save(Array)
#9 C:\Users\fredo\Documents\PROJET\frameworkCI\adminCodeigniter\system\CodeIgniter.php(936): App\Controllers\Admin\Role->edit('60', '173')
#10 C:\Users\fredo\Documents\PROJET\frameworkCI\adminCodeigniter\system\CodeIgniter.php(432): CodeIgniter\CodeIgniter->runController(Object(App\Controllers\Admin\Role))
#11 C:\Users\fredo\Documents\PROJET\frameworkCI\adminCodeigniter\system\CodeIgniter.php(333): CodeIgniter\CodeIgniter->handleRequest(NULL, Object(Config\Cache), false)
#12 C:\Users\fredo\Documents\PROJET\frameworkCI\adminCodeigniter\public\index.php(44): CodeIgniter\CodeIgniter->run()
#13 {main}
CRITICAL - 2021-03-08 12:15:30 --> Duplicata du champ '60-137' pour la clef 'PRIMARY'
#0 C:\Users\fredo\Documents\PROJET\frameworkCI\adminCodeigniter\system\Database\MySQLi\Connection.php(314): mysqli->query('INSERT INTO `ro...')
#1 C:\Users\fredo\Documents\PROJET\frameworkCI\adminCodeigniter\system\Database\BaseConnection.php(713): CodeIgniter\Database\MySQLi\Connection->execute('INSERT INTO `ro...')
#2 C:\Users\fredo\Documents\PROJET\frameworkCI\adminCodeigniter\system\Database\BaseConnection.php(641): CodeIgniter\Database\BaseConnection->simpleQuery('INSERT INTO `ro...')
#3 C:\Users\fredo\Documents\PROJET\frameworkCI\adminCodeigniter\system\Database\BaseBuilder.php(2263): CodeIgniter\Database\BaseConnection->query('INSERT INTO `ro...', Array, false)
#4 C:\Users\fredo\Documents\PROJET\frameworkCI\adminCodeigniter\system\Model.php(278): CodeIgniter\Database\BaseBuilder->insert()
#5 C:\Users\fredo\Documents\PROJET\frameworkCI\adminCodeigniter\system\BaseModel.php(758): CodeIgniter\Model->doInsert(Array)
#6 C:\Users\fredo\Documents\PROJET\frameworkCI\adminCodeigniter\system\Model.php(705): CodeIgniter\BaseModel->insert(Array, false)
#7 C:\Users\fredo\Documents\PROJET\frameworkCI\adminCodeigniter\system\BaseModel.php(667): CodeIgniter\Model->insert(Array, false)
#8 C:\Users\fredo\Documents\PROJET\frameworkCI\adminCodeigniter\app\Controllers\Admin\Role.php(79): CodeIgniter\BaseModel->save(Array)
#9 C:\Users\fredo\Documents\PROJET\frameworkCI\adminCodeigniter\system\CodeIgniter.php(936): App\Controllers\Admin\Role->edit('60', '173')
#10 C:\Users\fredo\Documents\PROJET\frameworkCI\adminCodeigniter\system\CodeIgniter.php(432): CodeIgniter\CodeIgniter->runController(Object(App\Controllers\Admin\Role))
#11 C:\Users\fredo\Documents\PROJET\frameworkCI\adminCodeigniter\system\CodeIgniter.php(333): CodeIgniter\CodeIgniter->handleRequest(NULL, Object(Config\Cache), false)
#12 C:\Users\fredo\Documents\PROJET\frameworkCI\adminCodeigniter\public\index.php(44): CodeIgniter\CodeIgniter->run()
#13 {main}
ERROR - 2021-03-08 12:15:48 --> mysqli_sql_exception: Duplicata du champ '60-111' pour la clef 'PRIMARY' in C:\Users\fredo\Documents\PROJET\frameworkCI\adminCodeigniter\system\Database\MySQLi\Connection.php:314
Stack trace:
#0 C:\Users\fredo\Documents\PROJET\frameworkCI\adminCodeigniter\system\Database\MySQLi\Connection.php(314): mysqli->query('INSERT INTO `ro...')
#1 C:\Users\fredo\Documents\PROJET\frameworkCI\adminCodeigniter\system\Database\BaseConnection.php(713): CodeIgniter\Database\MySQLi\Connection->execute('INSERT INTO `ro...')
#2 C:\Users\fredo\Documents\PROJET\frameworkCI\adminCodeigniter\system\Database\BaseConnection.php(641): CodeIgniter\Database\BaseConnection->simpleQuery('INSERT INTO `ro...')
#3 C:\Users\fredo\Documents\PROJET\frameworkCI\adminCodeigniter\system\Database\BaseBuilder.php(2263): CodeIgniter\Database\BaseConnection->query('INSERT INTO `ro...', Array, false)
#4 C:\Users\fredo\Documents\PROJET\frameworkCI\adminCodeigniter\system\Model.php(278): CodeIgniter\Database\BaseBuilder->insert()
#5 C:\Users\fredo\Documents\PROJET\frameworkCI\adminCodeigniter\system\BaseModel.php(758): CodeIgniter\Model->doInsert(Array)
#6 C:\Users\fredo\Documents\PROJET\frameworkCI\adminCodeigniter\system\Model.php(705): CodeIgniter\BaseModel->insert(Array, false)
#7 C:\Users\fredo\Documents\PROJET\frameworkCI\adminCodeigniter\system\BaseModel.php(667): CodeIgniter\Model->insert(Array, false)
#8 C:\Users\fredo\Documents\PROJET\frameworkCI\adminCodeigniter\app\Controllers\Admin\Role.php(79): CodeIgniter\BaseModel->save(Array)
#9 C:\Users\fredo\Documents\PROJET\frameworkCI\adminCodeigniter\system\CodeIgniter.php(936): App\Controllers\Admin\Role->edit('60', '174')
#10 C:\Users\fredo\Documents\PROJET\frameworkCI\adminCodeigniter\system\CodeIgniter.php(432): CodeIgniter\CodeIgniter->runController(Object(App\Controllers\Admin\Role))
#11 C:\Users\fredo\Documents\PROJET\frameworkCI\adminCodeigniter\system\CodeIgniter.php(333): CodeIgniter\CodeIgniter->handleRequest(NULL, Object(Config\Cache), false)
#12 C:\Users\fredo\Documents\PROJET\frameworkCI\adminCodeigniter\public\index.php(44): CodeIgniter\CodeIgniter->run()
#13 {main}
CRITICAL - 2021-03-08 12:15:48 --> Duplicata du champ '60-111' pour la clef 'PRIMARY'
#0 C:\Users\fredo\Documents\PROJET\frameworkCI\adminCodeigniter\system\Database\MySQLi\Connection.php(314): mysqli->query('INSERT INTO `ro...')
#1 C:\Users\fredo\Documents\PROJET\frameworkCI\adminCodeigniter\system\Database\BaseConnection.php(713): CodeIgniter\Database\MySQLi\Connection->execute('INSERT INTO `ro...')
#2 C:\Users\fredo\Documents\PROJET\frameworkCI\adminCodeigniter\system\Database\BaseConnection.php(641): CodeIgniter\Database\BaseConnection->simpleQuery('INSERT INTO `ro...')
#3 C:\Users\fredo\Documents\PROJET\frameworkCI\adminCodeigniter\system\Database\BaseBuilder.php(2263): CodeIgniter\Database\BaseConnection->query('INSERT INTO `ro...', Array, false)
#4 C:\Users\fredo\Documents\PROJET\frameworkCI\adminCodeigniter\system\Model.php(278): CodeIgniter\Database\BaseBuilder->insert()
#5 C:\Users\fredo\Documents\PROJET\frameworkCI\adminCodeigniter\system\BaseModel.php(758): CodeIgniter\Model->doInsert(Array)
#6 C:\Users\fredo\Documents\PROJET\frameworkCI\adminCodeigniter\system\Model.php(705): CodeIgniter\BaseModel->insert(Array, false)
#7 C:\Users\fredo\Documents\PROJET\frameworkCI\adminCodeigniter\system\BaseModel.php(667): CodeIgniter\Model->insert(Array, false)
#8 C:\Users\fredo\Documents\PROJET\frameworkCI\adminCodeigniter\app\Controllers\Admin\Role.php(79): CodeIgniter\BaseModel->save(Array)
#9 C:\Users\fredo\Documents\PROJET\frameworkCI\adminCodeigniter\system\CodeIgniter.php(936): App\Controllers\Admin\Role->edit('60', '174')
#10 C:\Users\fredo\Documents\PROJET\frameworkCI\adminCodeigniter\system\CodeIgniter.php(432): CodeIgniter\CodeIgniter->runController(Object(App\Controllers\Admin\Role))
#11 C:\Users\fredo\Documents\PROJET\frameworkCI\adminCodeigniter\system\CodeIgniter.php(333): CodeIgniter\CodeIgniter->handleRequest(NULL, Object(Config\Cache), false)
#12 C:\Users\fredo\Documents\PROJET\frameworkCI\adminCodeigniter\public\index.php(44): CodeIgniter\CodeIgniter->run()
#13 {main}
ERROR - 2021-03-08 12:31:21 --> mysqli_sql_exception: Duplicata du champ '61-12' pour la clef 'PRIMARY' in C:\Users\fredo\Documents\PROJET\frameworkCI\adminCodeigniter\system\Database\MySQLi\Connection.php:314
Stack trace:
#0 C:\Users\fredo\Documents\PROJET\frameworkCI\adminCodeigniter\system\Database\MySQLi\Connection.php(314): mysqli->query('UPDATE `role` S...')
#1 C:\Users\fredo\Documents\PROJET\frameworkCI\adminCodeigniter\system\Database\BaseConnection.php(713): CodeIgniter\Database\MySQLi\Connection->execute('UPDATE `role` S...')
#2 C:\Users\fredo\Documents\PROJET\frameworkCI\adminCodeigniter\system\Database\BaseConnection.php(641): CodeIgniter\Database\BaseConnection->simpleQuery('UPDATE `role` S...')
#3 C:\Users\fredo\Documents\PROJET\frameworkCI\adminCodeigniter\system\Database\BaseBuilder.php(2468): CodeIgniter\Database\BaseConnection->query('UPDATE `role` S...', Array, false)
#4 C:\Users\fredo\Documents\PROJET\frameworkCI\adminCodeigniter\system\Model.php(353): CodeIgniter\Database\BaseBuilder->update()
#5 C:\Users\fredo\Documents\PROJET\frameworkCI\adminCodeigniter\system\BaseModel.php(901): CodeIgniter\Model->doUpdate(NULL, Array)
#6 C:\Users\fredo\Documents\PROJET\frameworkCI\adminCodeigniter\system\Model.php(737): CodeIgniter\BaseModel->update(NULL, Array)
#7 C:\Users\fredo\Documents\PROJET\frameworkCI\adminCodeigniter\app\Controllers\Admin\Role.php(76): CodeIgniter\Model->update()
#8 C:\Users\fredo\Documents\PROJET\frameworkCI\adminCodeigniter\system\CodeIgniter.php(936): App\Controllers\Admin\Role->edit('43', '12')
#9 C:\Users\fredo\Documents\PROJET\frameworkCI\adminCodeigniter\system\CodeIgniter.php(432): CodeIgniter\CodeIgniter->runController(Object(App\Controllers\Admin\Role))
#10 C:\Users\fredo\Documents\PROJET\frameworkCI\adminCodeigniter\system\CodeIgniter.php(333): CodeIgniter\CodeIgniter->handleRequest(NULL, Object(Config\Cache), false)
#11 C:\Users\fredo\Documents\PROJET\frameworkCI\adminCodeigniter\public\index.php(44): CodeIgniter\CodeIgniter->run()
#12 {main}
CRITICAL - 2021-03-08 12:31:21 --> Duplicata du champ '61-12' pour la clef 'PRIMARY'
#0 C:\Users\fredo\Documents\PROJET\frameworkCI\adminCodeigniter\system\Database\MySQLi\Connection.php(314): mysqli->query('UPDATE `role` S...')
#1 C:\Users\fredo\Documents\PROJET\frameworkCI\adminCodeigniter\system\Database\BaseConnection.php(713): CodeIgniter\Database\MySQLi\Connection->execute('UPDATE `role` S...')
#2 C:\Users\fredo\Documents\PROJET\frameworkCI\adminCodeigniter\system\Database\BaseConnection.php(641): CodeIgniter\Database\BaseConnection->simpleQuery('UPDATE `role` S...')
#3 C:\Users\fredo\Documents\PROJET\frameworkCI\adminCodeigniter\system\Database\BaseBuilder.php(2468): CodeIgniter\Database\BaseConnection->query('UPDATE `role` S...', Array, false)
#4 C:\Users\fredo\Documents\PROJET\frameworkCI\adminCodeigniter\system\Model.php(353): CodeIgniter\Database\BaseBuilder->update()
#5 C:\Users\fredo\Documents\PROJET\frameworkCI\adminCodeigniter\system\BaseModel.php(901): CodeIgniter\Model->doUpdate(NULL, Array)
#6 C:\Users\fredo\Documents\PROJET\frameworkCI\adminCodeigniter\system\Model.php(737): CodeIgniter\BaseModel->update(NULL, Array)
#7 C:\Users\fredo\Documents\PROJET\frameworkCI\adminCodeigniter\app\Controllers\Admin\Role.php(76): CodeIgniter\Model->update()
#8 C:\Users\fredo\Documents\PROJET\frameworkCI\adminCodeigniter\system\CodeIgniter.php(936): App\Controllers\Admin\Role->edit('43', '12')
#9 C:\Users\fredo\Documents\PROJET\frameworkCI\adminCodeigniter\system\CodeIgniter.php(432): CodeIgniter\CodeIgniter->runController(Object(App\Controllers\Admin\Role))
#10 C:\Users\fredo\Documents\PROJET\frameworkCI\adminCodeigniter\system\CodeIgniter.php(333): CodeIgniter\CodeIgniter->handleRequest(NULL, Object(Config\Cache), false)
#11 C:\Users\fredo\Documents\PROJET\frameworkCI\adminCodeigniter\public\index.php(44): CodeIgniter\CodeIgniter->run()
#12 {main}
ERROR - 2021-03-08 12:31:45 --> mysqli_sql_exception: Duplicata du champ '61-12' pour la clef 'PRIMARY' in C:\Users\fredo\Documents\PROJET\frameworkCI\adminCodeigniter\system\Database\MySQLi\Connection.php:314
Stack trace:
#0 C:\Users\fredo\Documents\PROJET\frameworkCI\adminCodeigniter\system\Database\MySQLi\Connection.php(314): mysqli->query('UPDATE `role` S...')
#1 C:\Users\fredo\Documents\PROJET\frameworkCI\adminCodeigniter\system\Database\BaseConnection.php(713): CodeIgniter\Database\MySQLi\Connection->execute('UPDATE `role` S...')
#2 C:\Users\fredo\Documents\PROJET\frameworkCI\adminCodeigniter\system\Database\BaseConnection.php(641): CodeIgniter\Database\BaseConnection->simpleQuery('UPDATE `role` S...')
#3 C:\Users\fredo\Documents\PROJET\frameworkCI\adminCodeigniter\system\Database\BaseBuilder.php(2468): CodeIgniter\Database\BaseConnection->query('UPDATE `role` S...', Array, false)
#4 C:\Users\fredo\Documents\PROJET\frameworkCI\adminCodeigniter\system\Model.php(353): CodeIgniter\Database\BaseBuilder->update()
#5 C:\Users\fredo\Documents\PROJET\frameworkCI\adminCodeigniter\system\BaseModel.php(901): CodeIgniter\Model->doUpdate(NULL, Array)
#6 C:\Users\fredo\Documents\PROJET\frameworkCI\adminCodeigniter\system\Model.php(737): CodeIgniter\BaseModel->update(NULL, Array)
#7 C:\Users\fredo\Documents\PROJET\frameworkCI\adminCodeigniter\app\Controllers\Admin\Role.php(76): CodeIgniter\Model->update()
#8 C:\Users\fredo\Documents\PROJET\frameworkCI\adminCodeigniter\system\CodeIgniter.php(936): App\Controllers\Admin\Role->edit('43', '12')
#9 C:\Users\fredo\Documents\PROJET\frameworkCI\adminCodeigniter\system\CodeIgniter.php(432): CodeIgniter\CodeIgniter->runController(Object(App\Controllers\Admin\Role))
#10 C:\Users\fredo\Documents\PROJET\frameworkCI\adminCodeigniter\system\CodeIgniter.php(333): CodeIgniter\CodeIgniter->handleRequest(NULL, Object(Config\Cache), false)
#11 C:\Users\fredo\Documents\PROJET\frameworkCI\adminCodeigniter\public\index.php(44): CodeIgniter\CodeIgniter->run()
#12 {main}
CRITICAL - 2021-03-08 12:31:45 --> Duplicata du champ '61-12' pour la clef 'PRIMARY'
#0 C:\Users\fredo\Documents\PROJET\frameworkCI\adminCodeigniter\system\Database\MySQLi\Connection.php(314): mysqli->query('UPDATE `role` S...')
#1 C:\Users\fredo\Documents\PROJET\frameworkCI\adminCodeigniter\system\Database\BaseConnection.php(713): CodeIgniter\Database\MySQLi\Connection->execute('UPDATE `role` S...')
#2 C:\Users\fredo\Documents\PROJET\frameworkCI\adminCodeigniter\system\Database\BaseConnection.php(641): CodeIgniter\Database\BaseConnection->simpleQuery('UPDATE `role` S...')
#3 C:\Users\fredo\Documents\PROJET\frameworkCI\adminCodeigniter\system\Database\BaseBuilder.php(2468): CodeIgniter\Database\BaseConnection->query('UPDATE `role` S...', Array, false)
#4 C:\Users\fredo\Documents\PROJET\frameworkCI\adminCodeigniter\system\Model.php(353): CodeIgniter\Database\BaseBuilder->update()
#5 C:\Users\fredo\Documents\PROJET\frameworkCI\adminCodeigniter\system\BaseModel.php(901): CodeIgniter\Model->doUpdate(NULL, Array)
#6 C:\Users\fredo\Documents\PROJET\frameworkCI\adminCodeigniter\system\Model.php(737): CodeIgniter\BaseModel->update(NULL, Array)
#7 C:\Users\fredo\Documents\PROJET\frameworkCI\adminCodeigniter\app\Controllers\Admin\Role.php(76): CodeIgniter\Model->update()
#8 C:\Users\fredo\Documents\PROJET\frameworkCI\adminCodeigniter\system\CodeIgniter.php(936): App\Controllers\Admin\Role->edit('43', '12')
#9 C:\Users\fredo\Documents\PROJET\frameworkCI\adminCodeigniter\system\CodeIgniter.php(432): CodeIgniter\CodeIgniter->runController(Object(App\Controllers\Admin\Role))
#10 C:\Users\fredo\Documents\PROJET\frameworkCI\adminCodeigniter\system\CodeIgniter.php(333): CodeIgniter\CodeIgniter->handleRequest(NULL, Object(Config\Cache), false)
#11 C:\Users\fredo\Documents\PROJET\frameworkCI\adminCodeigniter\public\index.php(44): CodeIgniter\CodeIgniter->run()
#12 {main}
ERROR - 2021-03-08 12:32:16 --> mysqli_sql_exception: Duplicata du champ '61-12' pour la clef 'PRIMARY' in C:\Users\fredo\Documents\PROJET\frameworkCI\adminCodeigniter\system\Database\MySQLi\Connection.php:314
Stack trace:
#0 C:\Users\fredo\Documents\PROJET\frameworkCI\adminCodeigniter\system\Database\MySQLi\Connection.php(314): mysqli->query('UPDATE `role` S...')
#1 C:\Users\fredo\Documents\PROJET\frameworkCI\adminCodeigniter\system\Database\BaseConnection.php(713): CodeIgniter\Database\MySQLi\Connection->execute('UPDATE `role` S...')
#2 C:\Users\fredo\Documents\PROJET\frameworkCI\adminCodeigniter\system\Database\BaseConnection.php(641): CodeIgniter\Database\BaseConnection->simpleQuery('UPDATE `role` S...')
#3 C:\Users\fredo\Documents\PROJET\frameworkCI\adminCodeigniter\system\Database\BaseBuilder.php(2468): CodeIgniter\Database\BaseConnection->query('UPDATE `role` S...', Array, false)
#4 C:\Users\fredo\Documents\PROJET\frameworkCI\adminCodeigniter\system\Model.php(353): CodeIgniter\Database\BaseBuilder->update()
#5 C:\Users\fredo\Documents\PROJET\frameworkCI\adminCodeigniter\system\BaseModel.php(901): CodeIgniter\Model->doUpdate(NULL, Array)
#6 C:\Users\fredo\Documents\PROJET\frameworkCI\adminCodeigniter\system\Model.php(737): CodeIgniter\BaseModel->update(NULL, Array)
#7 C:\Users\fredo\Documents\PROJET\frameworkCI\adminCodeigniter\app\Controllers\Admin\Role.php(76): CodeIgniter\Model->update()
#8 C:\Users\fredo\Documents\PROJET\frameworkCI\adminCodeigniter\system\CodeIgniter.php(936): App\Controllers\Admin\Role->edit('43', '12')
#9 C:\Users\fredo\Documents\PROJET\frameworkCI\adminCodeigniter\system\CodeIgniter.php(432): CodeIgniter\CodeIgniter->runController(Object(App\Controllers\Admin\Role))
#10 C:\Users\fredo\Documents\PROJET\frameworkCI\adminCodeigniter\system\CodeIgniter.php(333): CodeIgniter\CodeIgniter->handleRequest(NULL, Object(Config\Cache), false)
#11 C:\Users\fredo\Documents\PROJET\frameworkCI\adminCodeigniter\public\index.php(44): CodeIgniter\CodeIgniter->run()
#12 {main}
CRITICAL - 2021-03-08 12:32:16 --> Duplicata du champ '61-12' pour la clef 'PRIMARY'
#0 C:\Users\fredo\Documents\PROJET\frameworkCI\adminCodeigniter\system\Database\MySQLi\Connection.php(314): mysqli->query('UPDATE `role` S...')
#1 C:\Users\fredo\Documents\PROJET\frameworkCI\adminCodeigniter\system\Database\BaseConnection.php(713): CodeIgniter\Database\MySQLi\Connection->execute('UPDATE `role` S...')
#2 C:\Users\fredo\Documents\PROJET\frameworkCI\adminCodeigniter\system\Database\BaseConnection.php(641): CodeIgniter\Database\BaseConnection->simpleQuery('UPDATE `role` S...')
#3 C:\Users\fredo\Documents\PROJET\frameworkCI\adminCodeigniter\system\Database\BaseBuilder.php(2468): CodeIgniter\Database\BaseConnection->query('UPDATE `role` S...', Array, false)
#4 C:\Users\fredo\Documents\PROJET\frameworkCI\adminCodeigniter\system\Model.php(353): CodeIgniter\Database\BaseBuilder->update()
#5 C:\Users\fredo\Documents\PROJET\frameworkCI\adminCodeigniter\system\BaseModel.php(901): CodeIgniter\Model->doUpdate(NULL, Array)
#6 C:\Users\fredo\Documents\PROJET\frameworkCI\adminCodeigniter\system\Model.php(737): CodeIgniter\BaseModel->update(NULL, Array)
#7 C:\Users\fredo\Documents\PROJET\frameworkCI\adminCodeigniter\app\Controllers\Admin\Role.php(76): CodeIgniter\Model->update()
#8 C:\Users\fredo\Documents\PROJET\frameworkCI\adminCodeigniter\system\CodeIgniter.php(936): App\Controllers\Admin\Role->edit('43', '12')
#9 C:\Users\fredo\Documents\PROJET\frameworkCI\adminCodeigniter\system\CodeIgniter.php(432): CodeIgniter\CodeIgniter->runController(Object(App\Controllers\Admin\Role))
#10 C:\Users\fredo\Documents\PROJET\frameworkCI\adminCodeigniter\system\CodeIgniter.php(333): CodeIgniter\CodeIgniter->handleRequest(NULL, Object(Config\Cache), false)
#11 C:\Users\fredo\Documents\PROJET\frameworkCI\adminCodeigniter\public\index.php(44): CodeIgniter\CodeIgniter->run()
#12 {main}
ERROR - 2021-03-08 12:32:22 --> mysqli_sql_exception: Duplicata du champ '61-12' pour la clef 'PRIMARY' in C:\Users\fredo\Documents\PROJET\frameworkCI\adminCodeigniter\system\Database\MySQLi\Connection.php:314
Stack trace:
#0 C:\Users\fredo\Documents\PROJET\frameworkCI\adminCodeigniter\system\Database\MySQLi\Connection.php(314): mysqli->query('UPDATE `role` S...')
#1 C:\Users\fredo\Documents\PROJET\frameworkCI\adminCodeigniter\system\Database\BaseConnection.php(713): CodeIgniter\Database\MySQLi\Connection->execute('UPDATE `role` S...')
#2 C:\Users\fredo\Documents\PROJET\frameworkCI\adminCodeigniter\system\Database\BaseConnection.php(641): CodeIgniter\Database\BaseConnection->simpleQuery('UPDATE `role` S...')
#3 C:\Users\fredo\Documents\PROJET\frameworkCI\adminCodeigniter\system\Database\BaseBuilder.php(2468): CodeIgniter\Database\BaseConnection->query('UPDATE `role` S...', Array, false)
#4 C:\Users\fredo\Documents\PROJET\frameworkCI\adminCodeigniter\system\Model.php(353): CodeIgniter\Database\BaseBuilder->update()
#5 C:\Users\fredo\Documents\PROJET\frameworkCI\adminCodeigniter\system\BaseModel.php(901): CodeIgniter\Model->doUpdate(NULL, Array)
#6 C:\Users\fredo\Documents\PROJET\frameworkCI\adminCodeigniter\system\Model.php(737): CodeIgniter\BaseModel->update(NULL, Array)
#7 C:\Users\fredo\Documents\PROJET\frameworkCI\adminCodeigniter\app\Controllers\Admin\Role.php(76): CodeIgniter\Model->update()
#8 C:\Users\fredo\Documents\PROJET\frameworkCI\adminCodeigniter\system\CodeIgniter.php(936): App\Controllers\Admin\Role->edit('43', '12')
#9 C:\Users\fredo\Documents\PROJET\frameworkCI\adminCodeigniter\system\CodeIgniter.php(432): CodeIgniter\CodeIgniter->runController(Object(App\Controllers\Admin\Role))
#10 C:\Users\fredo\Documents\PROJET\frameworkCI\adminCodeigniter\system\CodeIgniter.php(333): CodeIgniter\CodeIgniter->handleRequest(NULL, Object(Config\Cache), false)
#11 C:\Users\fredo\Documents\PROJET\frameworkCI\adminCodeigniter\public\index.php(44): CodeIgniter\CodeIgniter->run()
#12 {main}
CRITICAL - 2021-03-08 12:32:22 --> Duplicata du champ '61-12' pour la clef 'PRIMARY'
#0 C:\Users\fredo\Documents\PROJET\frameworkCI\adminCodeigniter\system\Database\MySQLi\Connection.php(314): mysqli->query('UPDATE `role` S...')
#1 C:\Users\fredo\Documents\PROJET\frameworkCI\adminCodeigniter\system\Database\BaseConnection.php(713): CodeIgniter\Database\MySQLi\Connection->execute('UPDATE `role` S...')
#2 C:\Users\fredo\Documents\PROJET\frameworkCI\adminCodeigniter\system\Database\BaseConnection.php(641): CodeIgniter\Database\BaseConnection->simpleQuery('UPDATE `role` S...')
#3 C:\Users\fredo\Documents\PROJET\frameworkCI\adminCodeigniter\system\Database\BaseBuilder.php(2468): CodeIgniter\Database\BaseConnection->query('UPDATE `role` S...', Array, false)
#4 C:\Users\fredo\Documents\PROJET\frameworkCI\adminCodeigniter\system\Model.php(353): CodeIgniter\Database\BaseBuilder->update()
#5 C:\Users\fredo\Documents\PROJET\frameworkCI\adminCodeigniter\system\BaseModel.php(901): CodeIgniter\Model->doUpdate(NULL, Array)
#6 C:\Users\fredo\Documents\PROJET\frameworkCI\adminCodeigniter\system\Model.php(737): CodeIgniter\BaseModel->update(NULL, Array)
#7 C:\Users\fredo\Documents\PROJET\frameworkCI\adminCodeigniter\app\Controllers\Admin\Role.php(76): CodeIgniter\Model->update()
#8 C:\Users\fredo\Documents\PROJET\frameworkCI\adminCodeigniter\system\CodeIgniter.php(936): App\Controllers\Admin\Role->edit('43', '12')
#9 C:\Users\fredo\Documents\PROJET\frameworkCI\adminCodeigniter\system\CodeIgniter.php(432): CodeIgniter\CodeIgniter->runController(Object(App\Controllers\Admin\Role))
#10 C:\Users\fredo\Documents\PROJET\frameworkCI\adminCodeigniter\system\CodeIgniter.php(333): CodeIgniter\CodeIgniter->handleRequest(NULL, Object(Config\Cache), false)
#11 C:\Users\fredo\Documents\PROJET\frameworkCI\adminCodeigniter\public\index.php(44): CodeIgniter\CodeIgniter->run()
#12 {main}
CRITICAL - 2021-03-08 12:41:31 --> Undefined property: App\Controllers\Admin\Role::$artistesModels
#0 C:\Users\fredo\Documents\PROJET\frameworkCI\adminCodeigniter\app\Controllers\Admin\Role.php(49): CodeIgniter\Debug\Exceptions->errorHandler(8, 'Undefined prope...', 'C:\\Users\\fredo\\...', 49, Array)
#1 C:\Users\fredo\Documents\PROJET\frameworkCI\adminCodeigniter\system\CodeIgniter.php(936): App\Controllers\Admin\Role->delete('45', '115', '2')
#2 C:\Users\fredo\Documents\PROJET\frameworkCI\adminCodeigniter\system\CodeIgniter.php(432): CodeIgniter\CodeIgniter->runController(Object(App\Controllers\Admin\Role))
#3 C:\Users\fredo\Documents\PROJET\frameworkCI\adminCodeigniter\system\CodeIgniter.php(333): CodeIgniter\CodeIgniter->handleRequest(NULL, Object(Config\Cache), false)
#4 C:\Users\fredo\Documents\PROJET\frameworkCI\adminCodeigniter\public\index.php(44): CodeIgniter\CodeIgniter->run()
#5 {main}
CRITICAL - 2021-03-08 13:35:40 --> Call to undefined function App\Controllers\Admin\getRandomName()
#0 C:\Users\fredo\Documents\PROJET\frameworkCI\adminCodeigniter\system\CodeIgniter.php(936): App\Controllers\Admin\Role->edit()
#1 C:\Users\fredo\Documents\PROJET\frameworkCI\adminCodeigniter\system\CodeIgniter.php(432): CodeIgniter\CodeIgniter->runController(Object(App\Controllers\Admin\Role))
#2 C:\Users\fredo\Documents\PROJET\frameworkCI\adminCodeigniter\system\CodeIgniter.php(333): CodeIgniter\CodeIgniter->handleRequest(NULL, Object(Config\Cache), false)
#3 C:\Users\fredo\Documents\PROJET\frameworkCI\adminCodeigniter\public\index.php(44): CodeIgniter\CodeIgniter->run()
#4 {main}
CRITICAL - 2021-03-08 13:36:04 --> Call to undefined function App\Controllers\Admin\getRandomName()
#0 C:\Users\fredo\Documents\PROJET\frameworkCI\adminCodeigniter\system\CodeIgniter.php(936): App\Controllers\Admin\Role->edit()
#1 C:\Users\fredo\Documents\PROJET\frameworkCI\adminCodeigniter\system\CodeIgniter.php(432): CodeIgniter\CodeIgniter->runController(Object(App\Controllers\Admin\Role))
#2 C:\Users\fredo\Documents\PROJET\frameworkCI\adminCodeigniter\system\CodeIgniter.php(333): CodeIgniter\CodeIgniter->handleRequest(NULL, Object(Config\Cache), false)
#3 C:\Users\fredo\Documents\PROJET\frameworkCI\adminCodeigniter\public\index.php(44): CodeIgniter\CodeIgniter->run()
#4 {main}
CRITICAL - 2021-03-08 13:36:48 --> Call to undefined function App\Controllers\Admin\getRandomName()
#0 C:\Users\fredo\Documents\PROJET\frameworkCI\adminCodeigniter\system\CodeIgniter.php(936): App\Controllers\Admin\Role->edit()
#1 C:\Users\fredo\Documents\PROJET\frameworkCI\adminCodeigniter\system\CodeIgniter.php(432): CodeIgniter\CodeIgniter->runController(Object(App\Controllers\Admin\Role))
#2 C:\Users\fredo\Documents\PROJET\frameworkCI\adminCodeigniter\system\CodeIgniter.php(333): CodeIgniter\CodeIgniter->handleRequest(NULL, Object(Config\Cache), false)
#3 C:\Users\fredo\Documents\PROJET\frameworkCI\adminCodeigniter\public\index.php(44): CodeIgniter\CodeIgniter->run()
#4 {main}
CRITICAL - 2021-03-08 13:36:52 --> Call to undefined function App\Controllers\Admin\getRandomName()
#0 C:\Users\fredo\Documents\PROJET\frameworkCI\adminCodeigniter\system\CodeIgniter.php(936): App\Controllers\Admin\Role->edit()
#1 C:\Users\fredo\Documents\PROJET\frameworkCI\adminCodeigniter\system\CodeIgniter.php(432): CodeIgniter\CodeIgniter->runController(Object(App\Controllers\Admin\Role))
#2 C:\Users\fredo\Documents\PROJET\frameworkCI\adminCodeigniter\system\CodeIgniter.php(333): CodeIgniter\CodeIgniter->handleRequest(NULL, Object(Config\Cache), false)
#3 C:\Users\fredo\Documents\PROJET\frameworkCI\adminCodeigniter\public\index.php(44): CodeIgniter\CodeIgniter->run()
#4 {main}
CRITICAL - 2021-03-08 13:37:45 --> Call to undefined function App\Controllers\Admin\getFile()
#0 C:\Users\fredo\Documents\PROJET\frameworkCI\adminCodeigniter\system\CodeIgniter.php(936): App\Controllers\Admin\Role->edit()
#1 C:\Users\fredo\Documents\PROJET\frameworkCI\adminCodeigniter\system\CodeIgniter.php(432): CodeIgniter\CodeIgniter->runController(Object(App\Controllers\Admin\Role))
#2 C:\Users\fredo\Documents\PROJET\frameworkCI\adminCodeigniter\system\CodeIgniter.php(333): CodeIgniter\CodeIgniter->handleRequest(NULL, Object(Config\Cache), false)
#3 C:\Users\fredo\Documents\PROJET\frameworkCI\adminCodeigniter\public\index.php(44): CodeIgniter\CodeIgniter->run()
#4 {main}
CRITICAL - 2021-03-08 14:06:19 --> Call to a member function getRandomName() on null
#0 C:\Users\fredo\Documents\PROJET\frameworkCI\adminCodeigniter\system\CodeIgniter.php(936): App\Controllers\Admin\Artistes->edit('220')
#1 C:\Users\fredo\Documents\PROJET\frameworkCI\adminCodeigniter\system\CodeIgniter.php(432): CodeIgniter\CodeIgniter->runController(Object(App\Controllers\Admin\Artistes))
#2 C:\Users\fredo\Documents\PROJET\frameworkCI\adminCodeigniter\system\CodeIgniter.php(333): CodeIgniter\CodeIgniter->handleRequest(NULL, Object(Config\Cache), false)
#3 C:\Users\fredo\Documents\PROJET\frameworkCI\adminCodeigniter\public\index.php(44): CodeIgniter\CodeIgniter->run()
#4 {main}
CRITICAL - 2021-03-08 14:07:14 --> Call to a member function getRandomName() on null
#0 C:\Users\fredo\Documents\PROJET\frameworkCI\adminCodeigniter\system\CodeIgniter.php(936): App\Controllers\Admin\Artistes->edit('220')
#1 C:\Users\fredo\Documents\PROJET\frameworkCI\adminCodeigniter\system\CodeIgniter.php(432): CodeIgniter\CodeIgniter->runController(Object(App\Controllers\Admin\Artistes))
#2 C:\Users\fredo\Documents\PROJET\frameworkCI\adminCodeigniter\system\CodeIgniter.php(333): CodeIgniter\CodeIgniter->handleRequest(NULL, Object(Config\Cache), false)
#3 C:\Users\fredo\Documents\PROJET\frameworkCI\adminCodeigniter\public\index.php(44): CodeIgniter\CodeIgniter->run()
#4 {main}
CRITICAL - 2021-03-08 14:09:04 --> Call to a member function getRandomName() on null
#0 C:\Users\fredo\Documents\PROJET\frameworkCI\adminCodeigniter\system\CodeIgniter.php(936): App\Controllers\Admin\Artistes->edit('220')
#1 C:\Users\fredo\Documents\PROJET\frameworkCI\adminCodeigniter\system\CodeIgniter.php(432): CodeIgniter\CodeIgniter->runController(Object(App\Controllers\Admin\Artistes))
#2 C:\Users\fredo\Documents\PROJET\frameworkCI\adminCodeigniter\system\CodeIgniter.php(333): CodeIgniter\CodeIgniter->handleRequest(NULL, Object(Config\Cache), false)
#3 C:\Users\fredo\Documents\PROJET\frameworkCI\adminCodeigniter\public\index.php(44): CodeIgniter\CodeIgniter->run()
#4 {main}
CRITICAL - 2021-03-08 14:09:50 --> Call to a member function getRandomName() on null
#0 C:\Users\fredo\Documents\PROJET\frameworkCI\adminCodeigniter\system\CodeIgniter.php(936): App\Controllers\Admin\Artistes->edit('220')
#1 C:\Users\fredo\Documents\PROJET\frameworkCI\adminCodeigniter\system\CodeIgniter.php(432): CodeIgniter\CodeIgniter->runController(Object(App\Controllers\Admin\Artistes))
#2 C:\Users\fredo\Documents\PROJET\frameworkCI\adminCodeigniter\system\CodeIgniter.php(333): CodeIgniter\CodeIgniter->handleRequest(NULL, Object(Config\Cache), false)
#3 C:\Users\fredo\Documents\PROJET\frameworkCI\adminCodeigniter\public\index.php(44): CodeIgniter\CodeIgniter->run()
#4 {main}
