CRITICAL - 2021-03-05 06:18:21 --> Invalid file: artistes/index.php
#0 C:\Users\fredo\Documents\PROJET\frameworkCI\adminCodeigniter\system\View\View.php(203): CodeIgniter\Exceptions\FrameworkException::forInvalidFile('artistes/index....')
#1 C:\Users\fredo\Documents\PROJET\frameworkCI\adminCodeigniter\system\Common.php(1217): CodeIgniter\View\View->render('artistes/index', Array, true)
#2 C:\Users\fredo\Documents\PROJET\frameworkCI\adminCodeigniter\app\Controllers\Admin\Artistes.php(31): view('artistes/index', Array)
#3 C:\Users\fredo\Documents\PROJET\frameworkCI\adminCodeigniter\system\CodeIgniter.php(936): App\Controllers\Admin\Artistes->index()
#4 C:\Users\fredo\Documents\PROJET\frameworkCI\adminCodeigniter\system\CodeIgniter.php(432): CodeIgniter\CodeIgniter->runController(Object(App\Controllers\Admin\Artistes))
#5 C:\Users\fredo\Documents\PROJET\frameworkCI\adminCodeigniter\system\CodeIgniter.php(333): CodeIgniter\CodeIgniter->handleRequest(NULL, Object(Config\Cache), false)
#6 C:\Users\fredo\Documents\PROJET\frameworkCI\adminCodeigniter\public\index.php(44): CodeIgniter\CodeIgniter->run()
#7 {main}
CRITICAL - 2021-03-05 06:18:28 --> Invalid file: artistes/index.php
#0 C:\Users\fredo\Documents\PROJET\frameworkCI\adminCodeigniter\system\View\View.php(203): CodeIgniter\Exceptions\FrameworkException::forInvalidFile('artistes/index....')
#1 C:\Users\fredo\Documents\PROJET\frameworkCI\adminCodeigniter\system\Common.php(1217): CodeIgniter\View\View->render('artistes/index', Array, true)
#2 C:\Users\fredo\Documents\PROJET\frameworkCI\adminCodeigniter\app\Controllers\Admin\Artistes.php(31): view('artistes/index', Array)
#3 C:\Users\fredo\Documents\PROJET\frameworkCI\adminCodeigniter\system\CodeIgniter.php(936): App\Controllers\Admin\Artistes->index()
#4 C:\Users\fredo\Documents\PROJET\frameworkCI\adminCodeigniter\system\CodeIgniter.php(432): CodeIgniter\CodeIgniter->runController(Object(App\Controllers\Admin\Artistes))
#5 C:\Users\fredo\Documents\PROJET\frameworkCI\adminCodeigniter\system\CodeIgniter.php(333): CodeIgniter\CodeIgniter->handleRequest(NULL, Object(Config\Cache), false)
#6 C:\Users\fredo\Documents\PROJET\frameworkCI\adminCodeigniter\public\index.php(44): CodeIgniter\CodeIgniter->run()
#7 {main}
CRITICAL - 2021-03-05 06:19:08 --> Invalid file: artistes/index.php
#0 C:\Users\fredo\Documents\PROJET\frameworkCI\adminCodeigniter\system\View\View.php(203): CodeIgniter\Exceptions\FrameworkException::forInvalidFile('artistes/index....')
#1 C:\Users\fredo\Documents\PROJET\frameworkCI\adminCodeigniter\system\Common.php(1217): CodeIgniter\View\View->render('artistes/index', Array, true)
#2 C:\Users\fredo\Documents\PROJET\frameworkCI\adminCodeigniter\app\Controllers\Admin\Artistes.php(31): view('artistes/index', Array)
#3 C:\Users\fredo\Documents\PROJET\frameworkCI\adminCodeigniter\system\CodeIgniter.php(936): App\Controllers\Admin\Artistes->index()
#4 C:\Users\fredo\Documents\PROJET\frameworkCI\adminCodeigniter\system\CodeIgniter.php(432): CodeIgniter\CodeIgniter->runController(Object(App\Controllers\Admin\Artistes))
#5 C:\Users\fredo\Documents\PROJET\frameworkCI\adminCodeigniter\system\CodeIgniter.php(333): CodeIgniter\CodeIgniter->handleRequest(NULL, Object(Config\Cache), false)
#6 C:\Users\fredo\Documents\PROJET\frameworkCI\adminCodeigniter\public\index.php(44): CodeIgniter\CodeIgniter->run()
#7 {main}
CRITICAL - 2021-03-05 06:19:09 --> Invalid file: artistes/index.php
#0 C:\Users\fredo\Documents\PROJET\frameworkCI\adminCodeigniter\system\View\View.php(203): CodeIgniter\Exceptions\FrameworkException::forInvalidFile('artistes/index....')
#1 C:\Users\fredo\Documents\PROJET\frameworkCI\adminCodeigniter\system\Common.php(1217): CodeIgniter\View\View->render('artistes/index', Array, true)
#2 C:\Users\fredo\Documents\PROJET\frameworkCI\adminCodeigniter\app\Controllers\Admin\Artistes.php(31): view('artistes/index', Array)
#3 C:\Users\fredo\Documents\PROJET\frameworkCI\adminCodeigniter\system\CodeIgniter.php(936): App\Controllers\Admin\Artistes->index()
#4 C:\Users\fredo\Documents\PROJET\frameworkCI\adminCodeigniter\system\CodeIgniter.php(432): CodeIgniter\CodeIgniter->runController(Object(App\Controllers\Admin\Artistes))
#5 C:\Users\fredo\Documents\PROJET\frameworkCI\adminCodeigniter\system\CodeIgniter.php(333): CodeIgniter\CodeIgniter->handleRequest(NULL, Object(Config\Cache), false)
#6 C:\Users\fredo\Documents\PROJET\frameworkCI\adminCodeigniter\public\index.php(44): CodeIgniter\CodeIgniter->run()
#7 {main}
CRITICAL - 2021-03-05 06:19:31 --> Invalid file: admin/artistes/index.php
#0 C:\Users\fredo\Documents\PROJET\frameworkCI\adminCodeigniter\system\View\View.php(203): CodeIgniter\Exceptions\FrameworkException::forInvalidFile('admin/artistes/...')
#1 C:\Users\fredo\Documents\PROJET\frameworkCI\adminCodeigniter\system\Common.php(1217): CodeIgniter\View\View->render('admin/artistes/...', Array, true)
#2 C:\Users\fredo\Documents\PROJET\frameworkCI\adminCodeigniter\app\Controllers\Admin\Artistes.php(31): view('admin/artistes/...', Array)
#3 C:\Users\fredo\Documents\PROJET\frameworkCI\adminCodeigniter\system\CodeIgniter.php(936): App\Controllers\Admin\Artistes->index()
#4 C:\Users\fredo\Documents\PROJET\frameworkCI\adminCodeigniter\system\CodeIgniter.php(432): CodeIgniter\CodeIgniter->runController(Object(App\Controllers\Admin\Artistes))
#5 C:\Users\fredo\Documents\PROJET\frameworkCI\adminCodeigniter\system\CodeIgniter.php(333): CodeIgniter\CodeIgniter->handleRequest(NULL, Object(Config\Cache), false)
#6 C:\Users\fredo\Documents\PROJET\frameworkCI\adminCodeigniter\public\index.php(44): CodeIgniter\CodeIgniter->run()
#7 {main}
CRITICAL - 2021-03-05 06:19:32 --> Invalid file: admin/artistes/index.php
#0 C:\Users\fredo\Documents\PROJET\frameworkCI\adminCodeigniter\system\View\View.php(203): CodeIgniter\Exceptions\FrameworkException::forInvalidFile('admin/artistes/...')
#1 C:\Users\fredo\Documents\PROJET\frameworkCI\adminCodeigniter\system\Common.php(1217): CodeIgniter\View\View->render('admin/artistes/...', Array, true)
#2 C:\Users\fredo\Documents\PROJET\frameworkCI\adminCodeigniter\app\Controllers\Admin\Artistes.php(31): view('admin/artistes/...', Array)
#3 C:\Users\fredo\Documents\PROJET\frameworkCI\adminCodeigniter\system\CodeIgniter.php(936): App\Controllers\Admin\Artistes->index()
#4 C:\Users\fredo\Documents\PROJET\frameworkCI\adminCodeigniter\system\CodeIgniter.php(432): CodeIgniter\CodeIgniter->runController(Object(App\Controllers\Admin\Artistes))
#5 C:\Users\fredo\Documents\PROJET\frameworkCI\adminCodeigniter\system\CodeIgniter.php(333): CodeIgniter\CodeIgniter->handleRequest(NULL, Object(Config\Cache), false)
#6 C:\Users\fredo\Documents\PROJET\frameworkCI\adminCodeigniter\public\index.php(44): CodeIgniter\CodeIgniter->run()
#7 {main}
CRITICAL - 2021-03-05 06:39:45 --> Call to a member function paginate() on array
#0 C:\Users\fredo\Documents\PROJET\frameworkCI\adminCodeigniter\system\CodeIgniter.php(936): App\Controllers\Admin\Artistes->index()
#1 C:\Users\fredo\Documents\PROJET\frameworkCI\adminCodeigniter\system\CodeIgniter.php(432): CodeIgniter\CodeIgniter->runController(Object(App\Controllers\Admin\Artistes))
#2 C:\Users\fredo\Documents\PROJET\frameworkCI\adminCodeigniter\system\CodeIgniter.php(333): CodeIgniter\CodeIgniter->handleRequest(NULL, Object(Config\Cache), false)
#3 C:\Users\fredo\Documents\PROJET\frameworkCI\adminCodeigniter\public\index.php(44): CodeIgniter\CodeIgniter->run()
#4 {main}
CRITICAL - 2021-03-05 07:32:02 --> Call to undefined function request()
#0 C:\Users\fredo\Documents\PROJET\frameworkCI\adminCodeigniter\system\View\View.php(220): include()
#1 C:\Users\fredo\Documents\PROJET\frameworkCI\adminCodeigniter\system\View\View.php(222): CodeIgniter\View\View->CodeIgniter\View\{closure}()
#2 C:\Users\fredo\Documents\PROJET\frameworkCI\adminCodeigniter\system\Common.php(1217): CodeIgniter\View\View->render('Admin/Artistes/...', Array, true)
#3 C:\Users\fredo\Documents\PROJET\frameworkCI\adminCodeigniter\app\Controllers\Admin\Artistes.php(32): view('Admin/Artistes/...', Array)
#4 C:\Users\fredo\Documents\PROJET\frameworkCI\adminCodeigniter\system\CodeIgniter.php(936): App\Controllers\Admin\Artistes->index()
#5 C:\Users\fredo\Documents\PROJET\frameworkCI\adminCodeigniter\system\CodeIgniter.php(432): CodeIgniter\CodeIgniter->runController(Object(App\Controllers\Admin\Artistes))
#6 C:\Users\fredo\Documents\PROJET\frameworkCI\adminCodeigniter\system\CodeIgniter.php(333): CodeIgniter\CodeIgniter->handleRequest(NULL, Object(Config\Cache), false)
#7 C:\Users\fredo\Documents\PROJET\frameworkCI\adminCodeigniter\public\index.php(44): CodeIgniter\CodeIgniter->run()
#8 {main}
CRITICAL - 2021-03-05 07:32:16 --> Call to undefined function request()
#0 C:\Users\fredo\Documents\PROJET\frameworkCI\adminCodeigniter\system\View\View.php(220): include()
#1 C:\Users\fredo\Documents\PROJET\frameworkCI\adminCodeigniter\system\View\View.php(222): CodeIgniter\View\View->CodeIgniter\View\{closure}()
#2 C:\Users\fredo\Documents\PROJET\frameworkCI\adminCodeigniter\system\Common.php(1217): CodeIgniter\View\View->render('Admin/Artistes/...', Array, true)
#3 C:\Users\fredo\Documents\PROJET\frameworkCI\adminCodeigniter\app\Controllers\Admin\Artistes.php(32): view('Admin/Artistes/...', Array)
#4 C:\Users\fredo\Documents\PROJET\frameworkCI\adminCodeigniter\system\CodeIgniter.php(936): App\Controllers\Admin\Artistes->index()
#5 C:\Users\fredo\Documents\PROJET\frameworkCI\adminCodeigniter\system\CodeIgniter.php(432): CodeIgniter\CodeIgniter->runController(Object(App\Controllers\Admin\Artistes))
#6 C:\Users\fredo\Documents\PROJET\frameworkCI\adminCodeigniter\system\CodeIgniter.php(333): CodeIgniter\CodeIgniter->handleRequest(NULL, Object(Config\Cache), false)
#7 C:\Users\fredo\Documents\PROJET\frameworkCI\adminCodeigniter\public\index.php(44): CodeIgniter\CodeIgniter->run()
#8 {main}
CRITICAL - 2021-03-05 07:32:32 --> Undefined variable: request
#0 C:\Users\fredo\Documents\PROJET\frameworkCI\adminCodeigniter\app\Views\Admin\Artistes\Liste.php(64): CodeIgniter\Debug\Exceptions->errorHandler(8, 'Undefined varia...', 'C:\\Users\\fredo\\...', 64, Array)
#1 C:\Users\fredo\Documents\PROJET\frameworkCI\adminCodeigniter\system\View\View.php(220): include('C:\\Users\\fredo\\...')
#2 C:\Users\fredo\Documents\PROJET\frameworkCI\adminCodeigniter\system\View\View.php(222): CodeIgniter\View\View->CodeIgniter\View\{closure}()
#3 C:\Users\fredo\Documents\PROJET\frameworkCI\adminCodeigniter\system\Common.php(1217): CodeIgniter\View\View->render('Admin/Artistes/...', Array, true)
#4 C:\Users\fredo\Documents\PROJET\frameworkCI\adminCodeigniter\app\Controllers\Admin\Artistes.php(32): view('Admin/Artistes/...', Array)
#5 C:\Users\fredo\Documents\PROJET\frameworkCI\adminCodeigniter\system\CodeIgniter.php(936): App\Controllers\Admin\Artistes->index()
#6 C:\Users\fredo\Documents\PROJET\frameworkCI\adminCodeigniter\system\CodeIgniter.php(432): CodeIgniter\CodeIgniter->runController(Object(App\Controllers\Admin\Artistes))
#7 C:\Users\fredo\Documents\PROJET\frameworkCI\adminCodeigniter\system\CodeIgniter.php(333): CodeIgniter\CodeIgniter->handleRequest(NULL, Object(Config\Cache), false)
#8 C:\Users\fredo\Documents\PROJET\frameworkCI\adminCodeigniter\public\index.php(44): CodeIgniter\CodeIgniter->run()
#9 {main}
CRITICAL - 2021-03-05 07:32:39 --> Undefined variable: request
#0 C:\Users\fredo\Documents\PROJET\frameworkCI\adminCodeigniter\app\Views\Admin\Artistes\Liste.php(64): CodeIgniter\Debug\Exceptions->errorHandler(8, 'Undefined varia...', 'C:\\Users\\fredo\\...', 64, Array)
#1 C:\Users\fredo\Documents\PROJET\frameworkCI\adminCodeigniter\system\View\View.php(220): include('C:\\Users\\fredo\\...')
#2 C:\Users\fredo\Documents\PROJET\frameworkCI\adminCodeigniter\system\View\View.php(222): CodeIgniter\View\View->CodeIgniter\View\{closure}()
#3 C:\Users\fredo\Documents\PROJET\frameworkCI\adminCodeigniter\system\Common.php(1217): CodeIgniter\View\View->render('Admin/Artistes/...', Array, true)
#4 C:\Users\fredo\Documents\PROJET\frameworkCI\adminCodeigniter\app\Controllers\Admin\Artistes.php(32): view('Admin/Artistes/...', Array)
#5 C:\Users\fredo\Documents\PROJET\frameworkCI\adminCodeigniter\system\CodeIgniter.php(936): App\Controllers\Admin\Artistes->index()
#6 C:\Users\fredo\Documents\PROJET\frameworkCI\adminCodeigniter\system\CodeIgniter.php(432): CodeIgniter\CodeIgniter->runController(Object(App\Controllers\Admin\Artistes))
#7 C:\Users\fredo\Documents\PROJET\frameworkCI\adminCodeigniter\system\CodeIgniter.php(333): CodeIgniter\CodeIgniter->handleRequest(NULL, Object(Config\Cache), false)
#8 C:\Users\fredo\Documents\PROJET\frameworkCI\adminCodeigniter\public\index.php(44): CodeIgniter\CodeIgniter->run()
#9 {main}
CRITICAL - 2021-03-05 07:35:21 --> Undefined index: page
#0 C:\Users\fredo\Documents\PROJET\frameworkCI\adminCodeigniter\app\Views\Admin\Artistes\Liste.php(53): CodeIgniter\Debug\Exceptions->errorHandler(8, 'Undefined index...', 'C:\\Users\\fredo\\...', 53, Array)
#1 C:\Users\fredo\Documents\PROJET\frameworkCI\adminCodeigniter\system\View\View.php(220): include('C:\\Users\\fredo\\...')
#2 C:\Users\fredo\Documents\PROJET\frameworkCI\adminCodeigniter\system\View\View.php(222): CodeIgniter\View\View->CodeIgniter\View\{closure}()
#3 C:\Users\fredo\Documents\PROJET\frameworkCI\adminCodeigniter\system\Common.php(1217): CodeIgniter\View\View->render('Admin/Artistes/...', Array, true)
#4 C:\Users\fredo\Documents\PROJET\frameworkCI\adminCodeigniter\app\Controllers\Admin\Artistes.php(32): view('Admin/Artistes/...', Array)
#5 C:\Users\fredo\Documents\PROJET\frameworkCI\adminCodeigniter\system\CodeIgniter.php(936): App\Controllers\Admin\Artistes->index()
#6 C:\Users\fredo\Documents\PROJET\frameworkCI\adminCodeigniter\system\CodeIgniter.php(432): CodeIgniter\CodeIgniter->runController(Object(App\Controllers\Admin\Artistes))
#7 C:\Users\fredo\Documents\PROJET\frameworkCI\adminCodeigniter\system\CodeIgniter.php(333): CodeIgniter\CodeIgniter->handleRequest(NULL, Object(Config\Cache), false)
#8 C:\Users\fredo\Documents\PROJET\frameworkCI\adminCodeigniter\public\index.php(44): CodeIgniter\CodeIgniter->run()
#9 {main}
CRITICAL - 2021-03-05 07:35:57 --> Undefined index: page
#0 C:\Users\fredo\Documents\PROJET\frameworkCI\adminCodeigniter\app\Views\Admin\Artistes\Liste.php(53): CodeIgniter\Debug\Exceptions->errorHandler(8, 'Undefined index...', 'C:\\Users\\fredo\\...', 53, Array)
#1 C:\Users\fredo\Documents\PROJET\frameworkCI\adminCodeigniter\system\View\View.php(220): include('C:\\Users\\fredo\\...')
#2 C:\Users\fredo\Documents\PROJET\frameworkCI\adminCodeigniter\system\View\View.php(222): CodeIgniter\View\View->CodeIgniter\View\{closure}()
#3 C:\Users\fredo\Documents\PROJET\frameworkCI\adminCodeigniter\system\Common.php(1217): CodeIgniter\View\View->render('Admin/Artistes/...', Array, true)
#4 C:\Users\fredo\Documents\PROJET\frameworkCI\adminCodeigniter\app\Controllers\Admin\Artistes.php(32): view('Admin/Artistes/...', Array)
#5 C:\Users\fredo\Documents\PROJET\frameworkCI\adminCodeigniter\system\CodeIgniter.php(936): App\Controllers\Admin\Artistes->index()
#6 C:\Users\fredo\Documents\PROJET\frameworkCI\adminCodeigniter\system\CodeIgniter.php(432): CodeIgniter\CodeIgniter->runController(Object(App\Controllers\Admin\Artistes))
#7 C:\Users\fredo\Documents\PROJET\frameworkCI\adminCodeigniter\system\CodeIgniter.php(333): CodeIgniter\CodeIgniter->handleRequest(NULL, Object(Config\Cache), false)
#8 C:\Users\fredo\Documents\PROJET\frameworkCI\adminCodeigniter\public\index.php(44): CodeIgniter\CodeIgniter->run()
#9 {main}
CRITICAL - 2021-03-05 07:37:09 --> Undefined index: page
#0 C:\Users\fredo\Documents\PROJET\frameworkCI\adminCodeigniter\app\Views\Admin\Artistes\Liste.php(53): CodeIgniter\Debug\Exceptions->errorHandler(8, 'Undefined index...', 'C:\\Users\\fredo\\...', 53, Array)
#1 C:\Users\fredo\Documents\PROJET\frameworkCI\adminCodeigniter\system\View\View.php(220): include('C:\\Users\\fredo\\...')
#2 C:\Users\fredo\Documents\PROJET\frameworkCI\adminCodeigniter\system\View\View.php(222): CodeIgniter\View\View->CodeIgniter\View\{closure}()
#3 C:\Users\fredo\Documents\PROJET\frameworkCI\adminCodeigniter\system\Common.php(1217): CodeIgniter\View\View->render('Admin/Artistes/...', Array, true)
#4 C:\Users\fredo\Documents\PROJET\frameworkCI\adminCodeigniter\app\Controllers\Admin\Artistes.php(32): view('Admin/Artistes/...', Array)
#5 C:\Users\fredo\Documents\PROJET\frameworkCI\adminCodeigniter\system\CodeIgniter.php(936): App\Controllers\Admin\Artistes->index()
#6 C:\Users\fredo\Documents\PROJET\frameworkCI\adminCodeigniter\system\CodeIgniter.php(432): CodeIgniter\CodeIgniter->runController(Object(App\Controllers\Admin\Artistes))
#7 C:\Users\fredo\Documents\PROJET\frameworkCI\adminCodeigniter\system\CodeIgniter.php(333): CodeIgniter\CodeIgniter->handleRequest(NULL, Object(Config\Cache), false)
#8 C:\Users\fredo\Documents\PROJET\frameworkCI\adminCodeigniter\public\index.php(44): CodeIgniter\CodeIgniter->run()
#9 {main}
CRITICAL - 2021-03-05 08:31:53 --> Undefined property: App\Controllers\Admin\Role::$RoleModels
#0 C:\Users\fredo\Documents\PROJET\frameworkCI\adminCodeigniter\app\Controllers\Admin\Role.php(18): CodeIgniter\Debug\Exceptions->errorHandler(8, 'Undefined prope...', 'C:\\Users\\fredo\\...', 18, Array)
#1 C:\Users\fredo\Documents\PROJET\frameworkCI\adminCodeigniter\system\CodeIgniter.php(936): App\Controllers\Admin\Role->index()
#2 C:\Users\fredo\Documents\PROJET\frameworkCI\adminCodeigniter\system\CodeIgniter.php(432): CodeIgniter\CodeIgniter->runController(Object(App\Controllers\Admin\Role))
#3 C:\Users\fredo\Documents\PROJET\frameworkCI\adminCodeigniter\system\CodeIgniter.php(333): CodeIgniter\CodeIgniter->handleRequest(NULL, Object(Config\Cache), false)
#4 C:\Users\fredo\Documents\PROJET\frameworkCI\adminCodeigniter\public\index.php(44): CodeIgniter\CodeIgniter->run()
#5 {main}
CRITICAL - 2021-03-05 08:32:09 --> Undefined property: App\Controllers\Admin\Role::$RoleModel
#0 C:\Users\fredo\Documents\PROJET\frameworkCI\adminCodeigniter\app\Controllers\Admin\Role.php(18): CodeIgniter\Debug\Exceptions->errorHandler(8, 'Undefined prope...', 'C:\\Users\\fredo\\...', 18, Array)
#1 C:\Users\fredo\Documents\PROJET\frameworkCI\adminCodeigniter\system\CodeIgniter.php(936): App\Controllers\Admin\Role->index()
#2 C:\Users\fredo\Documents\PROJET\frameworkCI\adminCodeigniter\system\CodeIgniter.php(432): CodeIgniter\CodeIgniter->runController(Object(App\Controllers\Admin\Role))
#3 C:\Users\fredo\Documents\PROJET\frameworkCI\adminCodeigniter\system\CodeIgniter.php(333): CodeIgniter\CodeIgniter->handleRequest(NULL, Object(Config\Cache), false)
#4 C:\Users\fredo\Documents\PROJET\frameworkCI\adminCodeigniter\public\index.php(44): CodeIgniter\CodeIgniter->run()
#5 {main}
CRITICAL - 2021-03-05 08:32:27 --> Undefined property: App\Controllers\Admin\Role::$RoleModel
#0 C:\Users\fredo\Documents\PROJET\frameworkCI\adminCodeigniter\app\Controllers\Admin\Role.php(18): CodeIgniter\Debug\Exceptions->errorHandler(8, 'Undefined prope...', 'C:\\Users\\fredo\\...', 18, Array)
#1 C:\Users\fredo\Documents\PROJET\frameworkCI\adminCodeigniter\system\CodeIgniter.php(936): App\Controllers\Admin\Role->index()
#2 C:\Users\fredo\Documents\PROJET\frameworkCI\adminCodeigniter\system\CodeIgniter.php(432): CodeIgniter\CodeIgniter->runController(Object(App\Controllers\Admin\Role))
#3 C:\Users\fredo\Documents\PROJET\frameworkCI\adminCodeigniter\system\CodeIgniter.php(333): CodeIgniter\CodeIgniter->handleRequest(NULL, Object(Config\Cache), false)
#4 C:\Users\fredo\Documents\PROJET\frameworkCI\adminCodeigniter\public\index.php(44): CodeIgniter\CodeIgniter->run()
#5 {main}
CRITICAL - 2021-03-05 08:42:20 --> Undefined index: id
#0 C:\Users\fredo\Documents\PROJET\frameworkCI\adminCodeigniter\app\Views\Admin\Role\Liste.php(46): CodeIgniter\Debug\Exceptions->errorHandler(8, 'Undefined index...', 'C:\\Users\\fredo\\...', 46, Array)
#1 C:\Users\fredo\Documents\PROJET\frameworkCI\adminCodeigniter\system\View\View.php(220): include('C:\\Users\\fredo\\...')
#2 C:\Users\fredo\Documents\PROJET\frameworkCI\adminCodeigniter\system\View\View.php(222): CodeIgniter\View\View->CodeIgniter\View\{closure}()
#3 C:\Users\fredo\Documents\PROJET\frameworkCI\adminCodeigniter\system\Common.php(1217): CodeIgniter\View\View->render('Admin/Role/List...', Array, true)
#4 C:\Users\fredo\Documents\PROJET\frameworkCI\adminCodeigniter\app\Controllers\Admin\Role.php(32): view('Admin/Role/List...', Array)
#5 C:\Users\fredo\Documents\PROJET\frameworkCI\adminCodeigniter\system\CodeIgniter.php(936): App\Controllers\Admin\Role->index()
#6 C:\Users\fredo\Documents\PROJET\frameworkCI\adminCodeigniter\system\CodeIgniter.php(432): CodeIgniter\CodeIgniter->runController(Object(App\Controllers\Admin\Role))
#7 C:\Users\fredo\Documents\PROJET\frameworkCI\adminCodeigniter\system\CodeIgniter.php(333): CodeIgniter\CodeIgniter->handleRequest(NULL, Object(Config\Cache), false)
#8 C:\Users\fredo\Documents\PROJET\frameworkCI\adminCodeigniter\public\index.php(44): CodeIgniter\CodeIgniter->run()
#9 {main}
CRITICAL - 2021-03-05 08:43:30 --> Undefined index: id
#0 C:\Users\fredo\Documents\PROJET\frameworkCI\adminCodeigniter\app\Views\Admin\Role\Liste.php(46): CodeIgniter\Debug\Exceptions->errorHandler(8, 'Undefined index...', 'C:\\Users\\fredo\\...', 46, Array)
#1 C:\Users\fredo\Documents\PROJET\frameworkCI\adminCodeigniter\system\View\View.php(220): include('C:\\Users\\fredo\\...')
#2 C:\Users\fredo\Documents\PROJET\frameworkCI\adminCodeigniter\system\View\View.php(222): CodeIgniter\View\View->CodeIgniter\View\{closure}()
#3 C:\Users\fredo\Documents\PROJET\frameworkCI\adminCodeigniter\system\Common.php(1217): CodeIgniter\View\View->render('Admin/Role/List...', Array, true)
#4 C:\Users\fredo\Documents\PROJET\frameworkCI\adminCodeigniter\app\Controllers\Admin\Role.php(32): view('Admin/Role/List...', Array)
#5 C:\Users\fredo\Documents\PROJET\frameworkCI\adminCodeigniter\system\CodeIgniter.php(936): App\Controllers\Admin\Role->index()
#6 C:\Users\fredo\Documents\PROJET\frameworkCI\adminCodeigniter\system\CodeIgniter.php(432): CodeIgniter\CodeIgniter->runController(Object(App\Controllers\Admin\Role))
#7 C:\Users\fredo\Documents\PROJET\frameworkCI\adminCodeigniter\system\CodeIgniter.php(333): CodeIgniter\CodeIgniter->handleRequest(NULL, Object(Config\Cache), false)
#8 C:\Users\fredo\Documents\PROJET\frameworkCI\adminCodeigniter\public\index.php(44): CodeIgniter\CodeIgniter->run()
#9 {main}
CRITICAL - 2021-03-05 08:58:08 --> Class 'App\Models\FilmModel' not found
#0 C:\Users\fredo\Documents\PROJET\frameworkCI\adminCodeigniter\system\CodeIgniter.php(908): App\Controllers\Admin\Role->__construct()
#1 C:\Users\fredo\Documents\PROJET\frameworkCI\adminCodeigniter\system\CodeIgniter.php(422): CodeIgniter\CodeIgniter->createController()
#2 C:\Users\fredo\Documents\PROJET\frameworkCI\adminCodeigniter\system\CodeIgniter.php(333): CodeIgniter\CodeIgniter->handleRequest(NULL, Object(Config\Cache), false)
#3 C:\Users\fredo\Documents\PROJET\frameworkCI\adminCodeigniter\public\index.php(44): CodeIgniter\CodeIgniter->run()
#4 {main}
CRITICAL - 2021-03-05 08:58:15 --> Class 'App\Models\FilmModel' not found
#0 C:\Users\fredo\Documents\PROJET\frameworkCI\adminCodeigniter\system\CodeIgniter.php(908): App\Controllers\Admin\Role->__construct()
#1 C:\Users\fredo\Documents\PROJET\frameworkCI\adminCodeigniter\system\CodeIgniter.php(422): CodeIgniter\CodeIgniter->createController()
#2 C:\Users\fredo\Documents\PROJET\frameworkCI\adminCodeigniter\system\CodeIgniter.php(333): CodeIgniter\CodeIgniter->handleRequest(NULL, Object(Config\Cache), false)
#3 C:\Users\fredo\Documents\PROJET\frameworkCI\adminCodeigniter\public\index.php(44): CodeIgniter\CodeIgniter->run()
#4 {main}
CRITICAL - 2021-03-05 08:58:17 --> Class 'App\Models\FilmModel' not found
#0 C:\Users\fredo\Documents\PROJET\frameworkCI\adminCodeigniter\system\CodeIgniter.php(908): App\Controllers\Admin\Role->__construct()
#1 C:\Users\fredo\Documents\PROJET\frameworkCI\adminCodeigniter\system\CodeIgniter.php(422): CodeIgniter\CodeIgniter->createController()
#2 C:\Users\fredo\Documents\PROJET\frameworkCI\adminCodeigniter\system\CodeIgniter.php(333): CodeIgniter\CodeIgniter->handleRequest(NULL, Object(Config\Cache), false)
#3 C:\Users\fredo\Documents\PROJET\frameworkCI\adminCodeigniter\public\index.php(44): CodeIgniter\CodeIgniter->run()
#4 {main}
CRITICAL - 2021-03-05 08:58:17 --> Class 'App\Models\FilmModel' not found
#0 C:\Users\fredo\Documents\PROJET\frameworkCI\adminCodeigniter\system\CodeIgniter.php(908): App\Controllers\Admin\Role->__construct()
#1 C:\Users\fredo\Documents\PROJET\frameworkCI\adminCodeigniter\system\CodeIgniter.php(422): CodeIgniter\CodeIgniter->createController()
#2 C:\Users\fredo\Documents\PROJET\frameworkCI\adminCodeigniter\system\CodeIgniter.php(333): CodeIgniter\CodeIgniter->handleRequest(NULL, Object(Config\Cache), false)
#3 C:\Users\fredo\Documents\PROJET\frameworkCI\adminCodeigniter\public\index.php(44): CodeIgniter\CodeIgniter->run()
#4 {main}
CRITICAL - 2021-03-05 08:58:18 --> Class 'App\Models\FilmModel' not found
#0 C:\Users\fredo\Documents\PROJET\frameworkCI\adminCodeigniter\system\CodeIgniter.php(908): App\Controllers\Admin\Role->__construct()
#1 C:\Users\fredo\Documents\PROJET\frameworkCI\adminCodeigniter\system\CodeIgniter.php(422): CodeIgniter\CodeIgniter->createController()
#2 C:\Users\fredo\Documents\PROJET\frameworkCI\adminCodeigniter\system\CodeIgniter.php(333): CodeIgniter\CodeIgniter->handleRequest(NULL, Object(Config\Cache), false)
#3 C:\Users\fredo\Documents\PROJET\frameworkCI\adminCodeigniter\public\index.php(44): CodeIgniter\CodeIgniter->run()
#4 {main}
CRITICAL - 2021-03-05 08:58:18 --> Class 'App\Models\FilmModel' not found
#0 C:\Users\fredo\Documents\PROJET\frameworkCI\adminCodeigniter\system\CodeIgniter.php(908): App\Controllers\Admin\Role->__construct()
#1 C:\Users\fredo\Documents\PROJET\frameworkCI\adminCodeigniter\system\CodeIgniter.php(422): CodeIgniter\CodeIgniter->createController()
#2 C:\Users\fredo\Documents\PROJET\frameworkCI\adminCodeigniter\system\CodeIgniter.php(333): CodeIgniter\CodeIgniter->handleRequest(NULL, Object(Config\Cache), false)
#3 C:\Users\fredo\Documents\PROJET\frameworkCI\adminCodeigniter\public\index.php(44): CodeIgniter\CodeIgniter->run()
#4 {main}
CRITICAL - 2021-03-05 08:58:22 --> Class 'App\Models\FilmModel' not found
#0 C:\Users\fredo\Documents\PROJET\frameworkCI\adminCodeigniter\system\CodeIgniter.php(908): App\Controllers\Admin\Role->__construct()
#1 C:\Users\fredo\Documents\PROJET\frameworkCI\adminCodeigniter\system\CodeIgniter.php(422): CodeIgniter\CodeIgniter->createController()
#2 C:\Users\fredo\Documents\PROJET\frameworkCI\adminCodeigniter\system\CodeIgniter.php(333): CodeIgniter\CodeIgniter->handleRequest(NULL, Object(Config\Cache), false)
#3 C:\Users\fredo\Documents\PROJET\frameworkCI\adminCodeigniter\public\index.php(44): CodeIgniter\CodeIgniter->run()
#4 {main}
CRITICAL - 2021-03-05 08:58:27 --> Class 'App\Models\FilmModel' not found
#0 C:\Users\fredo\Documents\PROJET\frameworkCI\adminCodeigniter\system\CodeIgniter.php(908): App\Controllers\Admin\Role->__construct()
#1 C:\Users\fredo\Documents\PROJET\frameworkCI\adminCodeigniter\system\CodeIgniter.php(422): CodeIgniter\CodeIgniter->createController()
#2 C:\Users\fredo\Documents\PROJET\frameworkCI\adminCodeigniter\system\CodeIgniter.php(333): CodeIgniter\CodeIgniter->handleRequest(NULL, Object(Config\Cache), false)
#3 C:\Users\fredo\Documents\PROJET\frameworkCI\adminCodeigniter\public\index.php(44): CodeIgniter\CodeIgniter->run()
#4 {main}
CRITICAL - 2021-03-05 08:58:41 --> Class 'App\Models\FilmModel' not found
#0 C:\Users\fredo\Documents\PROJET\frameworkCI\adminCodeigniter\system\CodeIgniter.php(908): App\Controllers\Admin\Role->__construct()
#1 C:\Users\fredo\Documents\PROJET\frameworkCI\adminCodeigniter\system\CodeIgniter.php(422): CodeIgniter\CodeIgniter->createController()
#2 C:\Users\fredo\Documents\PROJET\frameworkCI\adminCodeigniter\system\CodeIgniter.php(333): CodeIgniter\CodeIgniter->handleRequest(NULL, Object(Config\Cache), false)
#3 C:\Users\fredo\Documents\PROJET\frameworkCI\adminCodeigniter\public\index.php(44): CodeIgniter\CodeIgniter->run()
#4 {main}
CRITICAL - 2021-03-05 09:00:27 --> Class 'App\Models\FilmModel' not found
#0 C:\Users\fredo\Documents\PROJET\frameworkCI\adminCodeigniter\system\CodeIgniter.php(908): App\Controllers\Admin\Role->__construct()
#1 C:\Users\fredo\Documents\PROJET\frameworkCI\adminCodeigniter\system\CodeIgniter.php(422): CodeIgniter\CodeIgniter->createController()
#2 C:\Users\fredo\Documents\PROJET\frameworkCI\adminCodeigniter\system\CodeIgniter.php(333): CodeIgniter\CodeIgniter->handleRequest(NULL, Object(Config\Cache), false)
#3 C:\Users\fredo\Documents\PROJET\frameworkCI\adminCodeigniter\public\index.php(44): CodeIgniter\CodeIgniter->run()
#4 {main}
CRITICAL - 2021-03-05 09:00:28 --> Class 'App\Models\FilmModel' not found
#0 C:\Users\fredo\Documents\PROJET\frameworkCI\adminCodeigniter\system\CodeIgniter.php(908): App\Controllers\Admin\Role->__construct()
#1 C:\Users\fredo\Documents\PROJET\frameworkCI\adminCodeigniter\system\CodeIgniter.php(422): CodeIgniter\CodeIgniter->createController()
#2 C:\Users\fredo\Documents\PROJET\frameworkCI\adminCodeigniter\system\CodeIgniter.php(333): CodeIgniter\CodeIgniter->handleRequest(NULL, Object(Config\Cache), false)
#3 C:\Users\fredo\Documents\PROJET\frameworkCI\adminCodeigniter\public\index.php(44): CodeIgniter\CodeIgniter->run()
#4 {main}
CRITICAL - 2021-03-05 09:00:28 --> Class 'App\Models\FilmModel' not found
#0 C:\Users\fredo\Documents\PROJET\frameworkCI\adminCodeigniter\system\CodeIgniter.php(908): App\Controllers\Admin\Role->__construct()
#1 C:\Users\fredo\Documents\PROJET\frameworkCI\adminCodeigniter\system\CodeIgniter.php(422): CodeIgniter\CodeIgniter->createController()
#2 C:\Users\fredo\Documents\PROJET\frameworkCI\adminCodeigniter\system\CodeIgniter.php(333): CodeIgniter\CodeIgniter->handleRequest(NULL, Object(Config\Cache), false)
#3 C:\Users\fredo\Documents\PROJET\frameworkCI\adminCodeigniter\public\index.php(44): CodeIgniter\CodeIgniter->run()
#4 {main}
CRITICAL - 2021-03-05 09:00:29 --> Class 'App\Models\FilmModel' not found
#0 C:\Users\fredo\Documents\PROJET\frameworkCI\adminCodeigniter\system\CodeIgniter.php(908): App\Controllers\Admin\Role->__construct()
#1 C:\Users\fredo\Documents\PROJET\frameworkCI\adminCodeigniter\system\CodeIgniter.php(422): CodeIgniter\CodeIgniter->createController()
#2 C:\Users\fredo\Documents\PROJET\frameworkCI\adminCodeigniter\system\CodeIgniter.php(333): CodeIgniter\CodeIgniter->handleRequest(NULL, Object(Config\Cache), false)
#3 C:\Users\fredo\Documents\PROJET\frameworkCI\adminCodeigniter\public\index.php(44): CodeIgniter\CodeIgniter->run()
#4 {main}
CRITICAL - 2021-03-05 09:00:29 --> Class 'App\Models\FilmModel' not found
#0 C:\Users\fredo\Documents\PROJET\frameworkCI\adminCodeigniter\system\CodeIgniter.php(908): App\Controllers\Admin\Role->__construct()
#1 C:\Users\fredo\Documents\PROJET\frameworkCI\adminCodeigniter\system\CodeIgniter.php(422): CodeIgniter\CodeIgniter->createController()
#2 C:\Users\fredo\Documents\PROJET\frameworkCI\adminCodeigniter\system\CodeIgniter.php(333): CodeIgniter\CodeIgniter->handleRequest(NULL, Object(Config\Cache), false)
#3 C:\Users\fredo\Documents\PROJET\frameworkCI\adminCodeigniter\public\index.php(44): CodeIgniter\CodeIgniter->run()
#4 {main}
CRITICAL - 2021-03-05 09:00:29 --> Class 'App\Models\FilmModel' not found
#0 C:\Users\fredo\Documents\PROJET\frameworkCI\adminCodeigniter\system\CodeIgniter.php(908): App\Controllers\Admin\Role->__construct()
#1 C:\Users\fredo\Documents\PROJET\frameworkCI\adminCodeigniter\system\CodeIgniter.php(422): CodeIgniter\CodeIgniter->createController()
#2 C:\Users\fredo\Documents\PROJET\frameworkCI\adminCodeigniter\system\CodeIgniter.php(333): CodeIgniter\CodeIgniter->handleRequest(NULL, Object(Config\Cache), false)
#3 C:\Users\fredo\Documents\PROJET\frameworkCI\adminCodeigniter\public\index.php(44): CodeIgniter\CodeIgniter->run()
#4 {main}
CRITICAL - 2021-03-05 09:00:29 --> Class 'App\Models\FilmModel' not found
#0 C:\Users\fredo\Documents\PROJET\frameworkCI\adminCodeigniter\system\CodeIgniter.php(908): App\Controllers\Admin\Role->__construct()
#1 C:\Users\fredo\Documents\PROJET\frameworkCI\adminCodeigniter\system\CodeIgniter.php(422): CodeIgniter\CodeIgniter->createController()
#2 C:\Users\fredo\Documents\PROJET\frameworkCI\adminCodeigniter\system\CodeIgniter.php(333): CodeIgniter\CodeIgniter->handleRequest(NULL, Object(Config\Cache), false)
#3 C:\Users\fredo\Documents\PROJET\frameworkCI\adminCodeigniter\public\index.php(44): CodeIgniter\CodeIgniter->run()
#4 {main}
CRITICAL - 2021-03-05 09:00:46 --> Class 'App\Models\FilmModel' not found
#0 C:\Users\fredo\Documents\PROJET\frameworkCI\adminCodeigniter\system\CodeIgniter.php(908): App\Controllers\Admin\Role->__construct()
#1 C:\Users\fredo\Documents\PROJET\frameworkCI\adminCodeigniter\system\CodeIgniter.php(422): CodeIgniter\CodeIgniter->createController()
#2 C:\Users\fredo\Documents\PROJET\frameworkCI\adminCodeigniter\system\CodeIgniter.php(333): CodeIgniter\CodeIgniter->handleRequest(NULL, Object(Config\Cache), false)
#3 C:\Users\fredo\Documents\PROJET\frameworkCI\adminCodeigniter\public\index.php(44): CodeIgniter\CodeIgniter->run()
#4 {main}
CRITICAL - 2021-03-05 09:02:51 --> Class 'App\Models\FilmModel' not found
#0 C:\Users\fredo\Documents\PROJET\frameworkCI\adminCodeigniter\system\CodeIgniter.php(908): App\Controllers\Admin\Role->__construct()
#1 C:\Users\fredo\Documents\PROJET\frameworkCI\adminCodeigniter\system\CodeIgniter.php(422): CodeIgniter\CodeIgniter->createController()
#2 C:\Users\fredo\Documents\PROJET\frameworkCI\adminCodeigniter\system\CodeIgniter.php(333): CodeIgniter\CodeIgniter->handleRequest(NULL, Object(Config\Cache), false)
#3 C:\Users\fredo\Documents\PROJET\frameworkCI\adminCodeigniter\public\index.php(44): CodeIgniter\CodeIgniter->run()
#4 {main}
CRITICAL - 2021-03-05 09:11:51 --> Undefined index: id_film
#0 C:\Users\fredo\Documents\PROJET\frameworkCI\adminCodeigniter\app\Controllers\Admin\Role.php(24): CodeIgniter\Debug\Exceptions->errorHandler(8, 'Undefined index...', 'C:\\Users\\fredo\\...', 24, Array)
#1 C:\Users\fredo\Documents\PROJET\frameworkCI\adminCodeigniter\system\CodeIgniter.php(936): App\Controllers\Admin\Role->index()
#2 C:\Users\fredo\Documents\PROJET\frameworkCI\adminCodeigniter\system\CodeIgniter.php(432): CodeIgniter\CodeIgniter->runController(Object(App\Controllers\Admin\Role))
#3 C:\Users\fredo\Documents\PROJET\frameworkCI\adminCodeigniter\system\CodeIgniter.php(333): CodeIgniter\CodeIgniter->handleRequest(NULL, Object(Config\Cache), false)
#4 C:\Users\fredo\Documents\PROJET\frameworkCI\adminCodeigniter\public\index.php(44): CodeIgniter\CodeIgniter->run()
#5 {main}
CRITICAL - 2021-03-05 09:12:20 --> Undefined variable: filmRole
#0 C:\Users\fredo\Documents\PROJET\frameworkCI\adminCodeigniter\app\Controllers\Admin\Role.php(25): CodeIgniter\Debug\Exceptions->errorHandler(8, 'Undefined varia...', 'C:\\Users\\fredo\\...', 25, Array)
#1 C:\Users\fredo\Documents\PROJET\frameworkCI\adminCodeigniter\system\CodeIgniter.php(936): App\Controllers\Admin\Role->index()
#2 C:\Users\fredo\Documents\PROJET\frameworkCI\adminCodeigniter\system\CodeIgniter.php(432): CodeIgniter\CodeIgniter->runController(Object(App\Controllers\Admin\Role))
#3 C:\Users\fredo\Documents\PROJET\frameworkCI\adminCodeigniter\system\CodeIgniter.php(333): CodeIgniter\CodeIgniter->handleRequest(NULL, Object(Config\Cache), false)
#4 C:\Users\fredo\Documents\PROJET\frameworkCI\adminCodeigniter\public\index.php(44): CodeIgniter\CodeIgniter->run()
#5 {main}
CRITICAL - 2021-03-05 09:20:03 --> Array to string conversion
#0 C:\Users\fredo\Documents\PROJET\frameworkCI\adminCodeigniter\app\Controllers\Admin\Role.php(34): CodeIgniter\Debug\Exceptions->errorHandler(8, 'Array to string...', 'C:\\Users\\fredo\\...', 34, Array)
#1 C:\Users\fredo\Documents\PROJET\frameworkCI\adminCodeigniter\system\CodeIgniter.php(936): App\Controllers\Admin\Role->index()
#2 C:\Users\fredo\Documents\PROJET\frameworkCI\adminCodeigniter\system\CodeIgniter.php(432): CodeIgniter\CodeIgniter->runController(Object(App\Controllers\Admin\Role))
#3 C:\Users\fredo\Documents\PROJET\frameworkCI\adminCodeigniter\system\CodeIgniter.php(333): CodeIgniter\CodeIgniter->handleRequest(NULL, Object(Config\Cache), false)
#4 C:\Users\fredo\Documents\PROJET\frameworkCI\adminCodeigniter\public\index.php(44): CodeIgniter\CodeIgniter->run()
#5 {main}
CRITICAL - 2021-03-05 09:21:30 --> Undefined variable: tablefilm
#0 C:\Users\fredo\Documents\PROJET\frameworkCI\adminCodeigniter\app\Views\Admin\Role\Liste.php(38): CodeIgniter\Debug\Exceptions->errorHandler(8, 'Undefined varia...', 'C:\\Users\\fredo\\...', 38, Array)
#1 C:\Users\fredo\Documents\PROJET\frameworkCI\adminCodeigniter\system\View\View.php(220): include('C:\\Users\\fredo\\...')
#2 C:\Users\fredo\Documents\PROJET\frameworkCI\adminCodeigniter\system\View\View.php(222): CodeIgniter\View\View->CodeIgniter\View\{closure}()
#3 C:\Users\fredo\Documents\PROJET\frameworkCI\adminCodeigniter\system\Common.php(1217): CodeIgniter\View\View->render('Admin/Role/List...', Array, true)
#4 C:\Users\fredo\Documents\PROJET\frameworkCI\adminCodeigniter\app\Controllers\Admin\Role.php(40): view('Admin/Role/List...', Array)
#5 C:\Users\fredo\Documents\PROJET\frameworkCI\adminCodeigniter\system\CodeIgniter.php(936): App\Controllers\Admin\Role->index()
#6 C:\Users\fredo\Documents\PROJET\frameworkCI\adminCodeigniter\system\CodeIgniter.php(432): CodeIgniter\CodeIgniter->runController(Object(App\Controllers\Admin\Role))
#7 C:\Users\fredo\Documents\PROJET\frameworkCI\adminCodeigniter\system\CodeIgniter.php(333): CodeIgniter\CodeIgniter->handleRequest(NULL, Object(Config\Cache), false)
#8 C:\Users\fredo\Documents\PROJET\frameworkCI\adminCodeigniter\public\index.php(44): CodeIgniter\CodeIgniter->run()
#9 {main}
CRITICAL - 2021-03-05 09:23:11 --> Undefined index: id
#0 C:\Users\fredo\Documents\PROJET\frameworkCI\adminCodeigniter\app\Views\Admin\Role\Liste.php(38): CodeIgniter\Debug\Exceptions->errorHandler(8, 'Undefined index...', 'C:\\Users\\fredo\\...', 38, Array)
#1 C:\Users\fredo\Documents\PROJET\frameworkCI\adminCodeigniter\system\View\View.php(220): include('C:\\Users\\fredo\\...')
#2 C:\Users\fredo\Documents\PROJET\frameworkCI\adminCodeigniter\system\View\View.php(222): CodeIgniter\View\View->CodeIgniter\View\{closure}()
#3 C:\Users\fredo\Documents\PROJET\frameworkCI\adminCodeigniter\system\Common.php(1217): CodeIgniter\View\View->render('Admin/Role/List...', Array, true)
#4 C:\Users\fredo\Documents\PROJET\frameworkCI\adminCodeigniter\app\Controllers\Admin\Role.php(40): view('Admin/Role/List...', Array)
#5 C:\Users\fredo\Documents\PROJET\frameworkCI\adminCodeigniter\system\CodeIgniter.php(936): App\Controllers\Admin\Role->index()
#6 C:\Users\fredo\Documents\PROJET\frameworkCI\adminCodeigniter\system\CodeIgniter.php(432): CodeIgniter\CodeIgniter->runController(Object(App\Controllers\Admin\Role))
#7 C:\Users\fredo\Documents\PROJET\frameworkCI\adminCodeigniter\system\CodeIgniter.php(333): CodeIgniter\CodeIgniter->handleRequest(NULL, Object(Config\Cache), false)
#8 C:\Users\fredo\Documents\PROJET\frameworkCI\adminCodeigniter\public\index.php(44): CodeIgniter\CodeIgniter->run()
#9 {main}
CRITICAL - 2021-03-05 09:23:50 --> Undefined index: id
#0 C:\Users\fredo\Documents\PROJET\frameworkCI\adminCodeigniter\app\Views\Admin\Role\Liste.php(38): CodeIgniter\Debug\Exceptions->errorHandler(8, 'Undefined index...', 'C:\\Users\\fredo\\...', 38, Array)
#1 C:\Users\fredo\Documents\PROJET\frameworkCI\adminCodeigniter\system\View\View.php(220): include('C:\\Users\\fredo\\...')
#2 C:\Users\fredo\Documents\PROJET\frameworkCI\adminCodeigniter\system\View\View.php(222): CodeIgniter\View\View->CodeIgniter\View\{closure}()
#3 C:\Users\fredo\Documents\PROJET\frameworkCI\adminCodeigniter\system\Common.php(1217): CodeIgniter\View\View->render('Admin/Role/List...', Array, true)
#4 C:\Users\fredo\Documents\PROJET\frameworkCI\adminCodeigniter\app\Controllers\Admin\Role.php(40): view('Admin/Role/List...', Array)
#5 C:\Users\fredo\Documents\PROJET\frameworkCI\adminCodeigniter\system\CodeIgniter.php(936): App\Controllers\Admin\Role->index()
#6 C:\Users\fredo\Documents\PROJET\frameworkCI\adminCodeigniter\system\CodeIgniter.php(432): CodeIgniter\CodeIgniter->runController(Object(App\Controllers\Admin\Role))
#7 C:\Users\fredo\Documents\PROJET\frameworkCI\adminCodeigniter\system\CodeIgniter.php(333): CodeIgniter\CodeIgniter->handleRequest(NULL, Object(Config\Cache), false)
#8 C:\Users\fredo\Documents\PROJET\frameworkCI\adminCodeigniter\public\index.php(44): CodeIgniter\CodeIgniter->run()
#9 {main}
CRITICAL - 2021-03-05 09:36:40 --> Undefined variable: filmModel
#0 C:\Users\fredo\Documents\PROJET\frameworkCI\adminCodeigniter\app\Views\Admin\Role\Liste.php(38): CodeIgniter\Debug\Exceptions->errorHandler(8, 'Undefined varia...', 'C:\\Users\\fredo\\...', 38, Array)
#1 C:\Users\fredo\Documents\PROJET\frameworkCI\adminCodeigniter\system\View\View.php(220): include('C:\\Users\\fredo\\...')
#2 C:\Users\fredo\Documents\PROJET\frameworkCI\adminCodeigniter\system\View\View.php(222): CodeIgniter\View\View->CodeIgniter\View\{closure}()
#3 C:\Users\fredo\Documents\PROJET\frameworkCI\adminCodeigniter\system\Common.php(1217): CodeIgniter\View\View->render('Admin/Role/List...', Array, true)
#4 C:\Users\fredo\Documents\PROJET\frameworkCI\adminCodeigniter\app\Controllers\Admin\Role.php(40): view('Admin/Role/List...', Array)
#5 C:\Users\fredo\Documents\PROJET\frameworkCI\adminCodeigniter\system\CodeIgniter.php(936): App\Controllers\Admin\Role->index()
#6 C:\Users\fredo\Documents\PROJET\frameworkCI\adminCodeigniter\system\CodeIgniter.php(432): CodeIgniter\CodeIgniter->runController(Object(App\Controllers\Admin\Role))
#7 C:\Users\fredo\Documents\PROJET\frameworkCI\adminCodeigniter\system\CodeIgniter.php(333): CodeIgniter\CodeIgniter->handleRequest(NULL, Object(Config\Cache), false)
#8 C:\Users\fredo\Documents\PROJET\frameworkCI\adminCodeigniter\public\index.php(44): CodeIgniter\CodeIgniter->run()
#9 {main}
CRITICAL - 2021-03-05 09:37:35 --> Call to a member function where() on array
#0 C:\Users\fredo\Documents\PROJET\frameworkCI\adminCodeigniter\system\View\View.php(220): include()
#1 C:\Users\fredo\Documents\PROJET\frameworkCI\adminCodeigniter\system\View\View.php(222): CodeIgniter\View\View->CodeIgniter\View\{closure}()
#2 C:\Users\fredo\Documents\PROJET\frameworkCI\adminCodeigniter\system\Common.php(1217): CodeIgniter\View\View->render('Admin/Role/List...', Array, true)
#3 C:\Users\fredo\Documents\PROJET\frameworkCI\adminCodeigniter\app\Controllers\Admin\Role.php(40): view('Admin/Role/List...', Array)
#4 C:\Users\fredo\Documents\PROJET\frameworkCI\adminCodeigniter\system\CodeIgniter.php(936): App\Controllers\Admin\Role->index()
#5 C:\Users\fredo\Documents\PROJET\frameworkCI\adminCodeigniter\system\CodeIgniter.php(432): CodeIgniter\CodeIgniter->runController(Object(App\Controllers\Admin\Role))
#6 C:\Users\fredo\Documents\PROJET\frameworkCI\adminCodeigniter\system\CodeIgniter.php(333): CodeIgniter\CodeIgniter->handleRequest(NULL, Object(Config\Cache), false)
#7 C:\Users\fredo\Documents\PROJET\frameworkCI\adminCodeigniter\public\index.php(44): CodeIgniter\CodeIgniter->run()
#8 {main}
CRITICAL - 2021-03-05 09:37:43 --> Call to a member function where() on array
#0 C:\Users\fredo\Documents\PROJET\frameworkCI\adminCodeigniter\system\View\View.php(220): include()
#1 C:\Users\fredo\Documents\PROJET\frameworkCI\adminCodeigniter\system\View\View.php(222): CodeIgniter\View\View->CodeIgniter\View\{closure}()
#2 C:\Users\fredo\Documents\PROJET\frameworkCI\adminCodeigniter\system\Common.php(1217): CodeIgniter\View\View->render('Admin/Role/List...', Array, true)
#3 C:\Users\fredo\Documents\PROJET\frameworkCI\adminCodeigniter\app\Controllers\Admin\Role.php(40): view('Admin/Role/List...', Array)
#4 C:\Users\fredo\Documents\PROJET\frameworkCI\adminCodeigniter\system\CodeIgniter.php(936): App\Controllers\Admin\Role->index()
#5 C:\Users\fredo\Documents\PROJET\frameworkCI\adminCodeigniter\system\CodeIgniter.php(432): CodeIgniter\CodeIgniter->runController(Object(App\Controllers\Admin\Role))
#6 C:\Users\fredo\Documents\PROJET\frameworkCI\adminCodeigniter\system\CodeIgniter.php(333): CodeIgniter\CodeIgniter->handleRequest(NULL, Object(Config\Cache), false)
#7 C:\Users\fredo\Documents\PROJET\frameworkCI\adminCodeigniter\public\index.php(44): CodeIgniter\CodeIgniter->run()
#8 {main}
CRITICAL - 2021-03-05 09:37:44 --> Call to a member function where() on array
#0 C:\Users\fredo\Documents\PROJET\frameworkCI\adminCodeigniter\system\View\View.php(220): include()
#1 C:\Users\fredo\Documents\PROJET\frameworkCI\adminCodeigniter\system\View\View.php(222): CodeIgniter\View\View->CodeIgniter\View\{closure}()
#2 C:\Users\fredo\Documents\PROJET\frameworkCI\adminCodeigniter\system\Common.php(1217): CodeIgniter\View\View->render('Admin/Role/List...', Array, true)
#3 C:\Users\fredo\Documents\PROJET\frameworkCI\adminCodeigniter\app\Controllers\Admin\Role.php(40): view('Admin/Role/List...', Array)
#4 C:\Users\fredo\Documents\PROJET\frameworkCI\adminCodeigniter\system\CodeIgniter.php(936): App\Controllers\Admin\Role->index()
#5 C:\Users\fredo\Documents\PROJET\frameworkCI\adminCodeigniter\system\CodeIgniter.php(432): CodeIgniter\CodeIgniter->runController(Object(App\Controllers\Admin\Role))
#6 C:\Users\fredo\Documents\PROJET\frameworkCI\adminCodeigniter\system\CodeIgniter.php(333): CodeIgniter\CodeIgniter->handleRequest(NULL, Object(Config\Cache), false)
#7 C:\Users\fredo\Documents\PROJET\frameworkCI\adminCodeigniter\public\index.php(44): CodeIgniter\CodeIgniter->run()
#8 {main}
CRITICAL - 2021-03-05 09:40:46 --> Array to string conversion
#0 C:\Users\fredo\Documents\PROJET\frameworkCI\adminCodeigniter\app\Views\Admin\Role\Liste.php(40): CodeIgniter\Debug\Exceptions->errorHandler(8, 'Array to string...', 'C:\\Users\\fredo\\...', 40, Array)
#1 C:\Users\fredo\Documents\PROJET\frameworkCI\adminCodeigniter\system\View\View.php(220): include('C:\\Users\\fredo\\...')
#2 C:\Users\fredo\Documents\PROJET\frameworkCI\adminCodeigniter\system\View\View.php(222): CodeIgniter\View\View->CodeIgniter\View\{closure}()
#3 C:\Users\fredo\Documents\PROJET\frameworkCI\adminCodeigniter\system\Common.php(1217): CodeIgniter\View\View->render('Admin/Role/List...', Array, true)
#4 C:\Users\fredo\Documents\PROJET\frameworkCI\adminCodeigniter\app\Controllers\Admin\Role.php(40): view('Admin/Role/List...', Array)
#5 C:\Users\fredo\Documents\PROJET\frameworkCI\adminCodeigniter\system\CodeIgniter.php(936): App\Controllers\Admin\Role->index()
#6 C:\Users\fredo\Documents\PROJET\frameworkCI\adminCodeigniter\system\CodeIgniter.php(432): CodeIgniter\CodeIgniter->runController(Object(App\Controllers\Admin\Role))
#7 C:\Users\fredo\Documents\PROJET\frameworkCI\adminCodeigniter\system\CodeIgniter.php(333): CodeIgniter\CodeIgniter->handleRequest(NULL, Object(Config\Cache), false)
#8 C:\Users\fredo\Documents\PROJET\frameworkCI\adminCodeigniter\public\index.php(44): CodeIgniter\CodeIgniter->run()
#9 {main}
CRITICAL - 2021-03-05 09:56:22 --> Undefined property: App\Controllers\Admin\Role::$artistesModels
#0 C:\Users\fredo\Documents\PROJET\frameworkCI\adminCodeigniter\app\Controllers\Admin\Role.php(74): CodeIgniter\Debug\Exceptions->errorHandler(8, 'Undefined prope...', 'C:\\Users\\fredo\\...', 74, Array)
#1 C:\Users\fredo\Documents\PROJET\frameworkCI\adminCodeigniter\system\CodeIgniter.php(936): App\Controllers\Admin\Role->edit('32')
#2 C:\Users\fredo\Documents\PROJET\frameworkCI\adminCodeigniter\system\CodeIgniter.php(432): CodeIgniter\CodeIgniter->runController(Object(App\Controllers\Admin\Role))
#3 C:\Users\fredo\Documents\PROJET\frameworkCI\adminCodeigniter\system\CodeIgniter.php(333): CodeIgniter\CodeIgniter->handleRequest(NULL, Object(Config\Cache), false)
#4 C:\Users\fredo\Documents\PROJET\frameworkCI\adminCodeigniter\public\index.php(44): CodeIgniter\CodeIgniter->run()
#5 {main}
CRITICAL - 2021-03-05 09:59:20 --> syntax error, unexpected '?>', expecting function (T_FUNCTION) or const (T_CONST)
#0 C:\Users\fredo\Documents\PROJET\frameworkCI\adminCodeigniter\system\Router\Router.php(170): CodeIgniter\Router\Router->autoRoute('Admin/Role/Edit...')
#1 C:\Users\fredo\Documents\PROJET\frameworkCI\adminCodeigniter\system\CodeIgniter.php(816): CodeIgniter\Router\Router->handle('Admin/Role/Edit...')
#2 C:\Users\fredo\Documents\PROJET\frameworkCI\adminCodeigniter\system\CodeIgniter.php(385): CodeIgniter\CodeIgniter->tryToRouteIt(Object(CodeIgniter\Router\RouteCollection))
#3 C:\Users\fredo\Documents\PROJET\frameworkCI\adminCodeigniter\system\CodeIgniter.php(333): CodeIgniter\CodeIgniter->handleRequest(NULL, Object(Config\Cache), false)
#4 C:\Users\fredo\Documents\PROJET\frameworkCI\adminCodeigniter\public\index.php(44): CodeIgniter\CodeIgniter->run()
#5 {main}
CRITICAL - 2021-03-05 10:04:44 --> Undefined variable: data
#0 C:\Users\fredo\Documents\PROJET\frameworkCI\adminCodeigniter\app\Controllers\Admin\Role.php(84): CodeIgniter\Debug\Exceptions->errorHandler(8, 'Undefined varia...', 'C:\\Users\\fredo\\...', 84, Array)
#1 C:\Users\fredo\Documents\PROJET\frameworkCI\adminCodeigniter\system\CodeIgniter.php(936): App\Controllers\Admin\Role->edit('32')
#2 C:\Users\fredo\Documents\PROJET\frameworkCI\adminCodeigniter\system\CodeIgniter.php(432): CodeIgniter\CodeIgniter->runController(Object(App\Controllers\Admin\Role))
#3 C:\Users\fredo\Documents\PROJET\frameworkCI\adminCodeigniter\system\CodeIgniter.php(333): CodeIgniter\CodeIgniter->handleRequest(NULL, Object(Config\Cache), false)
#4 C:\Users\fredo\Documents\PROJET\frameworkCI\adminCodeigniter\public\index.php(44): CodeIgniter\CodeIgniter->run()
#5 {main}
CRITICAL - 2021-03-05 10:04:45 --> Undefined variable: data
#0 C:\Users\fredo\Documents\PROJET\frameworkCI\adminCodeigniter\app\Controllers\Admin\Role.php(84): CodeIgniter\Debug\Exceptions->errorHandler(8, 'Undefined varia...', 'C:\\Users\\fredo\\...', 84, Array)
#1 C:\Users\fredo\Documents\PROJET\frameworkCI\adminCodeigniter\system\CodeIgniter.php(936): App\Controllers\Admin\Role->edit('32')
#2 C:\Users\fredo\Documents\PROJET\frameworkCI\adminCodeigniter\system\CodeIgniter.php(432): CodeIgniter\CodeIgniter->runController(Object(App\Controllers\Admin\Role))
#3 C:\Users\fredo\Documents\PROJET\frameworkCI\adminCodeigniter\system\CodeIgniter.php(333): CodeIgniter\CodeIgniter->handleRequest(NULL, Object(Config\Cache), false)
#4 C:\Users\fredo\Documents\PROJET\frameworkCI\adminCodeigniter\public\index.php(44): CodeIgniter\CodeIgniter->run()
#5 {main}
CRITICAL - 2021-03-05 10:13:52 --> Undefined variable: id
#0 C:\Users\fredo\Documents\PROJET\frameworkCI\adminCodeigniter\app\Controllers\Admin\Role.php(74): CodeIgniter\Debug\Exceptions->errorHandler(8, 'Undefined varia...', 'C:\\Users\\fredo\\...', 74, Array)
#1 C:\Users\fredo\Documents\PROJET\frameworkCI\adminCodeigniter\system\CodeIgniter.php(936): App\Controllers\Admin\Role->edit('32')
#2 C:\Users\fredo\Documents\PROJET\frameworkCI\adminCodeigniter\system\CodeIgniter.php(432): CodeIgniter\CodeIgniter->runController(Object(App\Controllers\Admin\Role))
#3 C:\Users\fredo\Documents\PROJET\frameworkCI\adminCodeigniter\system\CodeIgniter.php(333): CodeIgniter\CodeIgniter->handleRequest(NULL, Object(Config\Cache), false)
#4 C:\Users\fredo\Documents\PROJET\frameworkCI\adminCodeigniter\public\index.php(44): CodeIgniter\CodeIgniter->run()
#5 {main}
CRITICAL - 2021-03-05 10:18:27 --> Undefined variable: artiste
#0 C:\Users\fredo\Documents\PROJET\frameworkCI\adminCodeigniter\app\Controllers\Admin\Role.php(81): CodeIgniter\Debug\Exceptions->errorHandler(8, 'Undefined varia...', 'C:\\Users\\fredo\\...', 81, Array)
#1 C:\Users\fredo\Documents\PROJET\frameworkCI\adminCodeigniter\system\CodeIgniter.php(936): App\Controllers\Admin\Role->edit('32')
#2 C:\Users\fredo\Documents\PROJET\frameworkCI\adminCodeigniter\system\CodeIgniter.php(432): CodeIgniter\CodeIgniter->runController(Object(App\Controllers\Admin\Role))
#3 C:\Users\fredo\Documents\PROJET\frameworkCI\adminCodeigniter\system\CodeIgniter.php(333): CodeIgniter\CodeIgniter->handleRequest(NULL, Object(Config\Cache), false)
#4 C:\Users\fredo\Documents\PROJET\frameworkCI\adminCodeigniter\public\index.php(44): CodeIgniter\CodeIgniter->run()
#5 {main}
CRITICAL - 2021-03-05 10:18:37 --> Undefined variable: role
#0 C:\Users\fredo\Documents\PROJET\frameworkCI\adminCodeigniter\app\Views\Admin\Role\Edit.php(18): CodeIgniter\Debug\Exceptions->errorHandler(8, 'Undefined varia...', 'C:\\Users\\fredo\\...', 18, Array)
#1 C:\Users\fredo\Documents\PROJET\frameworkCI\adminCodeigniter\system\View\View.php(220): include('C:\\Users\\fredo\\...')
#2 C:\Users\fredo\Documents\PROJET\frameworkCI\adminCodeigniter\system\View\View.php(222): CodeIgniter\View\View->CodeIgniter\View\{closure}()
#3 C:\Users\fredo\Documents\PROJET\frameworkCI\adminCodeigniter\system\Common.php(1217): CodeIgniter\View\View->render('Admin/Role/Edit', Array, true)
#4 C:\Users\fredo\Documents\PROJET\frameworkCI\adminCodeigniter\app\Controllers\Admin\Role.php(87): view('Admin/Role/Edit', Array)
#5 C:\Users\fredo\Documents\PROJET\frameworkCI\adminCodeigniter\system\CodeIgniter.php(936): App\Controllers\Admin\Role->edit('32')
#6 C:\Users\fredo\Documents\PROJET\frameworkCI\adminCodeigniter\system\CodeIgniter.php(432): CodeIgniter\CodeIgniter->runController(Object(App\Controllers\Admin\Role))
#7 C:\Users\fredo\Documents\PROJET\frameworkCI\adminCodeigniter\system\CodeIgniter.php(333): CodeIgniter\CodeIgniter->handleRequest(NULL, Object(Config\Cache), false)
#8 C:\Users\fredo\Documents\PROJET\frameworkCI\adminCodeigniter\public\index.php(44): CodeIgniter\CodeIgniter->run()
#9 {main}
CRITICAL - 2021-03-05 10:19:53 --> Undefined variable: artiste
#0 C:\Users\fredo\Documents\PROJET\frameworkCI\adminCodeigniter\app\Views\Admin\Role\Edit.php(30): CodeIgniter\Debug\Exceptions->errorHandler(8, 'Undefined varia...', 'C:\\Users\\fredo\\...', 30, Array)
#1 C:\Users\fredo\Documents\PROJET\frameworkCI\adminCodeigniter\system\View\View.php(220): include('C:\\Users\\fredo\\...')
#2 C:\Users\fredo\Documents\PROJET\frameworkCI\adminCodeigniter\system\View\View.php(222): CodeIgniter\View\View->CodeIgniter\View\{closure}()
#3 C:\Users\fredo\Documents\PROJET\frameworkCI\adminCodeigniter\system\Common.php(1217): CodeIgniter\View\View->render('Admin/Role/Edit', Array, true)
#4 C:\Users\fredo\Documents\PROJET\frameworkCI\adminCodeigniter\app\Controllers\Admin\Role.php(87): view('Admin/Role/Edit', Array)
#5 C:\Users\fredo\Documents\PROJET\frameworkCI\adminCodeigniter\system\CodeIgniter.php(936): App\Controllers\Admin\Role->edit('32')
#6 C:\Users\fredo\Documents\PROJET\frameworkCI\adminCodeigniter\system\CodeIgniter.php(432): CodeIgniter\CodeIgniter->runController(Object(App\Controllers\Admin\Role))
#7 C:\Users\fredo\Documents\PROJET\frameworkCI\adminCodeigniter\system\CodeIgniter.php(333): CodeIgniter\CodeIgniter->handleRequest(NULL, Object(Config\Cache), false)
#8 C:\Users\fredo\Documents\PROJET\frameworkCI\adminCodeigniter\public\index.php(44): CodeIgniter\CodeIgniter->run()
#9 {main}
CRITICAL - 2021-03-05 10:22:45 --> Undefined variable: artiste
#0 C:\Users\fredo\Documents\PROJET\frameworkCI\adminCodeigniter\app\Views\Admin\Role\Edit.php(44): CodeIgniter\Debug\Exceptions->errorHandler(8, 'Undefined varia...', 'C:\\Users\\fredo\\...', 44, Array)
#1 C:\Users\fredo\Documents\PROJET\frameworkCI\adminCodeigniter\system\View\View.php(220): include('C:\\Users\\fredo\\...')
#2 C:\Users\fredo\Documents\PROJET\frameworkCI\adminCodeigniter\system\View\View.php(222): CodeIgniter\View\View->CodeIgniter\View\{closure}()
#3 C:\Users\fredo\Documents\PROJET\frameworkCI\adminCodeigniter\system\Common.php(1217): CodeIgniter\View\View->render('Admin/Role/Edit', Array, true)
#4 C:\Users\fredo\Documents\PROJET\frameworkCI\adminCodeigniter\app\Controllers\Admin\Role.php(87): view('Admin/Role/Edit', Array)
#5 C:\Users\fredo\Documents\PROJET\frameworkCI\adminCodeigniter\system\CodeIgniter.php(936): App\Controllers\Admin\Role->edit('32')
#6 C:\Users\fredo\Documents\PROJET\frameworkCI\adminCodeigniter\system\CodeIgniter.php(432): CodeIgniter\CodeIgniter->runController(Object(App\Controllers\Admin\Role))
#7 C:\Users\fredo\Documents\PROJET\frameworkCI\adminCodeigniter\system\CodeIgniter.php(333): CodeIgniter\CodeIgniter->handleRequest(NULL, Object(Config\Cache), false)
#8 C:\Users\fredo\Documents\PROJET\frameworkCI\adminCodeigniter\public\index.php(44): CodeIgniter\CodeIgniter->run()
#9 {main}
CRITICAL - 2021-03-05 10:22:50 --> Undefined variable: artiste
#0 C:\Users\fredo\Documents\PROJET\frameworkCI\adminCodeigniter\app\Views\Admin\Role\Edit.php(44): CodeIgniter\Debug\Exceptions->errorHandler(8, 'Undefined varia...', 'C:\\Users\\fredo\\...', 44, Array)
#1 C:\Users\fredo\Documents\PROJET\frameworkCI\adminCodeigniter\system\View\View.php(220): include('C:\\Users\\fredo\\...')
#2 C:\Users\fredo\Documents\PROJET\frameworkCI\adminCodeigniter\system\View\View.php(222): CodeIgniter\View\View->CodeIgniter\View\{closure}()
#3 C:\Users\fredo\Documents\PROJET\frameworkCI\adminCodeigniter\system\Common.php(1217): CodeIgniter\View\View->render('Admin/Role/Edit', Array, true)
#4 C:\Users\fredo\Documents\PROJET\frameworkCI\adminCodeigniter\app\Controllers\Admin\Role.php(87): view('Admin/Role/Edit', Array)
#5 C:\Users\fredo\Documents\PROJET\frameworkCI\adminCodeigniter\system\CodeIgniter.php(936): App\Controllers\Admin\Role->edit('index.html')
#6 C:\Users\fredo\Documents\PROJET\frameworkCI\adminCodeigniter\system\CodeIgniter.php(432): CodeIgniter\CodeIgniter->runController(Object(App\Controllers\Admin\Role))
#7 C:\Users\fredo\Documents\PROJET\frameworkCI\adminCodeigniter\system\CodeIgniter.php(333): CodeIgniter\CodeIgniter->handleRequest(NULL, Object(Config\Cache), false)
#8 C:\Users\fredo\Documents\PROJET\frameworkCI\adminCodeigniter\public\index.php(44): CodeIgniter\CodeIgniter->run()
#9 {main}
CRITICAL - 2021-03-05 10:22:50 --> Undefined variable: artiste
#0 C:\Users\fredo\Documents\PROJET\frameworkCI\adminCodeigniter\app\Views\Admin\Role\Edit.php(44): CodeIgniter\Debug\Exceptions->errorHandler(8, 'Undefined varia...', 'C:\\Users\\fredo\\...', 44, Array)
#1 C:\Users\fredo\Documents\PROJET\frameworkCI\adminCodeigniter\system\View\View.php(220): include('C:\\Users\\fredo\\...')
#2 C:\Users\fredo\Documents\PROJET\frameworkCI\adminCodeigniter\system\View\View.php(222): CodeIgniter\View\View->CodeIgniter\View\{closure}()
#3 C:\Users\fredo\Documents\PROJET\frameworkCI\adminCodeigniter\system\Common.php(1217): CodeIgniter\View\View->render('Admin/Role/Edit', Array, true)
#4 C:\Users\fredo\Documents\PROJET\frameworkCI\adminCodeigniter\app\Controllers\Admin\Role.php(87): view('Admin/Role/Edit', Array)
#5 C:\Users\fredo\Documents\PROJET\frameworkCI\adminCodeigniter\system\CodeIgniter.php(936): App\Controllers\Admin\Role->edit('index.html')
#6 C:\Users\fredo\Documents\PROJET\frameworkCI\adminCodeigniter\system\CodeIgniter.php(432): CodeIgniter\CodeIgniter->runController(Object(App\Controllers\Admin\Role))
#7 C:\Users\fredo\Documents\PROJET\frameworkCI\adminCodeigniter\system\CodeIgniter.php(333): CodeIgniter\CodeIgniter->handleRequest(NULL, Object(Config\Cache), false)
#8 C:\Users\fredo\Documents\PROJET\frameworkCI\adminCodeigniter\public\index.php(44): CodeIgniter\CodeIgniter->run()
#9 {main}
