CRITICAL - 2021-03-03 06:21:14 --> Undefined variable: session
#0 C:\Users\fredo\Documents\PROJET\frameworkCI\adminCodeigniter\app\Controllers\Login.php(54): CodeIgniter\Debug\Exceptions->errorHandler(8, 'Undefined varia...', 'C:\\Users\\fredo\\...', 54, Array)
#1 C:\Users\fredo\Documents\PROJET\frameworkCI\adminCodeigniter\system\CodeIgniter.php(936): App\Controllers\Login->connect()
#2 C:\Users\fredo\Documents\PROJET\frameworkCI\adminCodeigniter\system\CodeIgniter.php(432): CodeIgniter\CodeIgniter->runController(Object(App\Controllers\Login))
#3 C:\Users\fredo\Documents\PROJET\frameworkCI\adminCodeigniter\system\CodeIgniter.php(333): CodeIgniter\CodeIgniter->handleRequest(NULL, Object(Config\Cache), false)
#4 C:\Users\fredo\Documents\PROJET\frameworkCI\adminCodeigniter\public\index.php(44): CodeIgniter\CodeIgniter->run()
#5 {main}
CRITICAL - 2021-03-03 06:21:20 --> Undefined variable: page_title
#0 C:\Users\fredo\Documents\PROJET\frameworkCI\adminCodeigniter\app\Views\common\HeaderAdmin.php(12): CodeIgniter\Debug\Exceptions->errorHandler(8, 'Undefined varia...', 'C:\\Users\\fredo\\...', 12, Array)
#1 C:\Users\fredo\Documents\PROJET\frameworkCI\adminCodeigniter\system\View\View.php(220): include('C:\\Users\\fredo\\...')
#2 C:\Users\fredo\Documents\PROJET\frameworkCI\adminCodeigniter\system\View\View.php(222): CodeIgniter\View\View->CodeIgniter\View\{closure}()
#3 C:\Users\fredo\Documents\PROJET\frameworkCI\adminCodeigniter\system\Common.php(1217): CodeIgniter\View\View->render('common/HeaderAd...', Array, true)
#4 C:\Users\fredo\Documents\PROJET\frameworkCI\adminCodeigniter\app\Controllers\Register.php(53): view('common/HeaderAd...', Array)
#5 C:\Users\fredo\Documents\PROJET\frameworkCI\adminCodeigniter\app\Controllers\Register.php(15): App\Controllers\Register->affichageFormLogin('Register \xC3\xA0 www...', false)
#6 C:\Users\fredo\Documents\PROJET\frameworkCI\adminCodeigniter\system\CodeIgniter.php(936): App\Controllers\Register->index()
#7 C:\Users\fredo\Documents\PROJET\frameworkCI\adminCodeigniter\system\CodeIgniter.php(432): CodeIgniter\CodeIgniter->runController(Object(App\Controllers\Register))
#8 C:\Users\fredo\Documents\PROJET\frameworkCI\adminCodeigniter\system\CodeIgniter.php(333): CodeIgniter\CodeIgniter->handleRequest(NULL, Object(Config\Cache), false)
#9 C:\Users\fredo\Documents\PROJET\frameworkCI\adminCodeigniter\public\index.php(44): CodeIgniter\CodeIgniter->run()
#10 {main}
CRITICAL - 2021-03-03 06:21:35 --> Undefined variable: page_title
#0 C:\Users\fredo\Documents\PROJET\frameworkCI\adminCodeigniter\app\Views\common\HeaderAdmin.php(12): CodeIgniter\Debug\Exceptions->errorHandler(8, 'Undefined varia...', 'C:\\Users\\fredo\\...', 12, Array)
#1 C:\Users\fredo\Documents\PROJET\frameworkCI\adminCodeigniter\system\View\View.php(220): include('C:\\Users\\fredo\\...')
#2 C:\Users\fredo\Documents\PROJET\frameworkCI\adminCodeigniter\system\View\View.php(222): CodeIgniter\View\View->CodeIgniter\View\{closure}()
#3 C:\Users\fredo\Documents\PROJET\frameworkCI\adminCodeigniter\system\Common.php(1217): CodeIgniter\View\View->render('common/HeaderAd...', Array, true)
#4 C:\Users\fredo\Documents\PROJET\frameworkCI\adminCodeigniter\app\Controllers\Register.php(53): view('common/HeaderAd...', Array)
#5 C:\Users\fredo\Documents\PROJET\frameworkCI\adminCodeigniter\app\Controllers\Register.php(15): App\Controllers\Register->affichageFormLogin('Register \xC3\xA0 www...', false)
#6 C:\Users\fredo\Documents\PROJET\frameworkCI\adminCodeigniter\system\CodeIgniter.php(936): App\Controllers\Register->index()
#7 C:\Users\fredo\Documents\PROJET\frameworkCI\adminCodeigniter\system\CodeIgniter.php(432): CodeIgniter\CodeIgniter->runController(Object(App\Controllers\Register))
#8 C:\Users\fredo\Documents\PROJET\frameworkCI\adminCodeigniter\system\CodeIgniter.php(333): CodeIgniter\CodeIgniter->handleRequest(NULL, Object(Config\Cache), false)
#9 C:\Users\fredo\Documents\PROJET\frameworkCI\adminCodeigniter\public\index.php(44): CodeIgniter\CodeIgniter->run()
#10 {main}
CRITICAL - 2021-03-03 06:34:52 --> Call to undefined function set_value()
#0 C:\Users\fredo\Documents\PROJET\frameworkCI\adminCodeigniter\system\View\View.php(220): include()
#1 C:\Users\fredo\Documents\PROJET\frameworkCI\adminCodeigniter\system\View\View.php(222): CodeIgniter\View\View->CodeIgniter\View\{closure}()
#2 C:\Users\fredo\Documents\PROJET\frameworkCI\adminCodeigniter\system\Common.php(1217): CodeIgniter\View\View->render('register', Array, true)
#3 C:\Users\fredo\Documents\PROJET\frameworkCI\adminCodeigniter\app\Controllers\Register.php(57): view('register', Array)
#4 C:\Users\fredo\Documents\PROJET\frameworkCI\adminCodeigniter\app\Controllers\Register.php(15): App\Controllers\Register->affichageFormLogin('Register \xC3\xA0 www...', false)
#5 C:\Users\fredo\Documents\PROJET\frameworkCI\adminCodeigniter\system\CodeIgniter.php(936): App\Controllers\Register->index()
#6 C:\Users\fredo\Documents\PROJET\frameworkCI\adminCodeigniter\system\CodeIgniter.php(432): CodeIgniter\CodeIgniter->runController(Object(App\Controllers\Register))
#7 C:\Users\fredo\Documents\PROJET\frameworkCI\adminCodeigniter\system\CodeIgniter.php(333): CodeIgniter\CodeIgniter->handleRequest(NULL, Object(Config\Cache), false)
#8 C:\Users\fredo\Documents\PROJET\frameworkCI\adminCodeigniter\public\index.php(44): CodeIgniter\CodeIgniter->run()
#9 {main}
CRITICAL - 2021-03-03 06:49:19 --> Call to undefined function set_value()
#0 C:\Users\fredo\Documents\PROJET\frameworkCI\adminCodeigniter\system\View\View.php(220): include()
#1 C:\Users\fredo\Documents\PROJET\frameworkCI\adminCodeigniter\system\View\View.php(222): CodeIgniter\View\View->CodeIgniter\View\{closure}()
#2 C:\Users\fredo\Documents\PROJET\frameworkCI\adminCodeigniter\system\Common.php(1217): CodeIgniter\View\View->render('register', Array, true)
#3 C:\Users\fredo\Documents\PROJET\frameworkCI\adminCodeigniter\app\Controllers\Register.php(57): view('register', Array)
#4 C:\Users\fredo\Documents\PROJET\frameworkCI\adminCodeigniter\app\Controllers\Register.php(15): App\Controllers\Register->affichageFormLogin('Register \xC3\xA0 www...', false)
#5 C:\Users\fredo\Documents\PROJET\frameworkCI\adminCodeigniter\system\CodeIgniter.php(936): App\Controllers\Register->index()
#6 C:\Users\fredo\Documents\PROJET\frameworkCI\adminCodeigniter\system\CodeIgniter.php(432): CodeIgniter\CodeIgniter->runController(Object(App\Controllers\Register))
#7 C:\Users\fredo\Documents\PROJET\frameworkCI\adminCodeigniter\system\CodeIgniter.php(333): CodeIgniter\CodeIgniter->handleRequest(NULL, Object(Config\Cache), false)
#8 C:\Users\fredo\Documents\PROJET\frameworkCI\adminCodeigniter\public\index.php(44): CodeIgniter\CodeIgniter->run()
#9 {main}
